mode: atomic
github.com/gomockserver/mockserver/internal/config/config.go:138.47,142.22 2 8
github.com/gomockserver/mockserver/internal/config/config.go:142.22,144.3 1 7
github.com/gomockserver/mockserver/internal/config/config.go:144.8,149.3 4 1
github.com/gomockserver/mockserver/internal/config/config.go:152.2,155.41 2 8
github.com/gomockserver/mockserver/internal/config/config.go:155.41,157.3 1 2
github.com/gomockserver/mockserver/internal/config/config.go:160.2,161.42 2 6
github.com/gomockserver/mockserver/internal/config/config.go:161.42,163.3 1 0
github.com/gomockserver/mockserver/internal/config/config.go:165.2,166.18 2 6
github.com/gomockserver/mockserver/internal/config/config.go:170.20,172.2 1 2
github.com/gomockserver/mockserver/internal/config/config.go:175.43,177.2 1 3
github.com/gomockserver/mockserver/internal/config/config.go:180.42,182.2 1 2
github.com/gomockserver/mockserver/internal/models/errors.go:13.35,15.2 1 0
github.com/gomockserver/mockserver/internal/models/errors.go:191.87,200.2 1 0
github.com/gomockserver/mockserver/internal/models/errors.go:203.89,212.2 1 0
github.com/gomockserver/mockserver/internal/adapter/http_adapter.go:17.36,19.2 1 13
github.com/gomockserver/mockserver/internal/adapter/http_adapter.go:22.71,24.9 2 8
github.com/gomockserver/mockserver/internal/adapter/http_adapter.go:24.9,26.3 1 1
github.com/gomockserver/mockserver/internal/adapter/http_adapter.go:29.2,33.16 3 7
github.com/gomockserver/mockserver/internal/adapter/http_adapter.go:33.16,35.3 1 0
github.com/gomockserver/mockserver/internal/adapter/http_adapter.go:38.2,39.44 2 7
github.com/gomockserver/mockserver/internal/adapter/http_adapter.go:39.44,40.22 1 8
github.com/gomockserver/mockserver/internal/adapter/http_adapter.go:40.22,42.4 1 8
github.com/gomockserver/mockserver/internal/adapter/http_adapter.go:46.2,47.49 2 7
github.com/gomockserver/mockserver/internal/adapter/http_adapter.go:47.49,48.22 1 3
github.com/gomockserver/mockserver/internal/adapter/http_adapter.go:48.22,50.4 1 3
github.com/gomockserver/mockserver/internal/adapter/http_adapter.go:54.2,60.22 3 7
github.com/gomockserver/mockserver/internal/adapter/http_adapter.go:60.22,63.3 1 7
github.com/gomockserver/mockserver/internal/adapter/http_adapter.go:66.2,84.21 2 7
github.com/gomockserver/mockserver/internal/adapter/http_adapter.go:88.70,91.2 1 1
github.com/gomockserver/mockserver/internal/adapter/http_adapter.go:94.73,96.43 1 3
github.com/gomockserver/mockserver/internal/adapter/http_adapter.go:96.43,98.3 1 4
github.com/gomockserver/mockserver/internal/adapter/http_adapter.go:101.2,101.78 1 3
github.com/gomockserver/mockserver/internal/adapter/http_adapter.go:105.55,106.34 1 8
github.com/gomockserver/mockserver/internal/adapter/http_adapter.go:106.34,107.45 1 7
github.com/gomockserver/mockserver/internal/adapter/http_adapter.go:107.45,109.4 1 6
github.com/gomockserver/mockserver/internal/adapter/http_adapter.go:111.2,111.27 1 2
github.com/gomockserver/mockserver/internal/adapter/websocket_adapter.go:59.46,64.44 1 6
github.com/gomockserver/mockserver/internal/adapter/websocket_adapter.go:64.44,67.5 1 1
github.com/gomockserver/mockserver/internal/adapter/websocket_adapter.go:79.76,81.9 2 1
github.com/gomockserver/mockserver/internal/adapter/websocket_adapter.go:81.9,83.3 1 0
github.com/gomockserver/mockserver/internal/adapter/websocket_adapter.go:86.2,87.16 2 1
github.com/gomockserver/mockserver/internal/adapter/websocket_adapter.go:87.16,90.3 2 0
github.com/gomockserver/mockserver/internal/adapter/websocket_adapter.go:93.2,143.21 13 1
github.com/gomockserver/mockserver/internal/adapter/websocket_adapter.go:147.75,150.2 1 0
github.com/gomockserver/mockserver/internal/adapter/websocket_adapter.go:153.75,158.44 3 8
github.com/gomockserver/mockserver/internal/adapter/websocket_adapter.go:158.44,160.23 2 1
github.com/gomockserver/mockserver/internal/adapter/websocket_adapter.go:160.23,162.4 1 0
github.com/gomockserver/mockserver/internal/adapter/websocket_adapter.go:163.3,163.34 1 1
github.com/gomockserver/mockserver/internal/adapter/websocket_adapter.go:166.2,167.12 2 7
github.com/gomockserver/mockserver/internal/adapter/websocket_adapter.go:171.60,175.51 3 2
github.com/gomockserver/mockserver/internal/adapter/websocket_adapter.go:175.51,180.3 4 2
github.com/gomockserver/mockserver/internal/adapter/websocket_adapter.go:184.86,189.2 4 4
github.com/gomockserver/mockserver/internal/adapter/websocket_adapter.go:192.53,196.2 3 4
github.com/gomockserver/mockserver/internal/adapter/websocket_adapter.go:199.61,203.37 3 1
github.com/gomockserver/mockserver/internal/adapter/websocket_adapter.go:203.37,204.10 1 2
github.com/gomockserver/mockserver/internal/adapter/websocket_adapter.go:205.29,205.29 0 2
github.com/gomockserver/mockserver/internal/adapter/websocket_adapter.go:206.11,208.42 1 0
github.com/gomockserver/mockserver/internal/adapter/websocket_adapter.go:214.82,216.13 2 2
github.com/gomockserver/mockserver/internal/adapter/websocket_adapter.go:216.13,218.3 1 1
github.com/gomockserver/mockserver/internal/adapter/websocket_adapter.go:220.2,220.9 1 1
github.com/gomockserver/mockserver/internal/adapter/websocket_adapter.go:221.28,222.13 1 1
github.com/gomockserver/mockserver/internal/adapter/websocket_adapter.go:223.33,224.24 1 0
github.com/gomockserver/mockserver/internal/adapter/websocket_adapter.go:229.70,231.2 1 0
github.com/gomockserver/mockserver/internal/adapter/websocket_adapter.go:234.64,235.15 1 1
github.com/gomockserver/mockserver/internal/adapter/websocket_adapter.go:235.15,238.3 2 1
github.com/gomockserver/mockserver/internal/adapter/websocket_adapter.go:240.2,242.46 3 1
github.com/gomockserver/mockserver/internal/adapter/websocket_adapter.go:242.46,248.3 5 0
github.com/gomockserver/mockserver/internal/adapter/websocket_adapter.go:250.2,250.6 1 1
github.com/gomockserver/mockserver/internal/adapter/websocket_adapter.go:250.6,252.17 2 1
github.com/gomockserver/mockserver/internal/adapter/websocket_adapter.go:252.17,253.103 1 1
github.com/gomockserver/mockserver/internal/adapter/websocket_adapter.go:253.103,255.5 1 0
github.com/gomockserver/mockserver/internal/adapter/websocket_adapter.go:256.4,256.9 1 1
github.com/gomockserver/mockserver/internal/adapter/websocket_adapter.go:260.3,267.30 2 0
github.com/gomockserver/mockserver/internal/adapter/websocket_adapter.go:267.30,270.4 2 0
github.com/gomockserver/mockserver/internal/adapter/websocket_adapter.go:275.101,290.2 1 0
github.com/gomockserver/mockserver/internal/adapter/websocket_adapter.go:293.65,295.15 2 1
github.com/gomockserver/mockserver/internal/adapter/websocket_adapter.go:295.15,298.3 2 1
github.com/gomockserver/mockserver/internal/adapter/websocket_adapter.go:300.2,300.6 1 1
github.com/gomockserver/mockserver/internal/adapter/websocket_adapter.go:300.6,301.10 1 1
github.com/gomockserver/mockserver/internal/adapter/websocket_adapter.go:302.35,304.11 2 0
github.com/gomockserver/mockserver/internal/adapter/websocket_adapter.go:304.11,308.5 2 0
github.com/gomockserver/mockserver/internal/adapter/websocket_adapter.go:310.4,311.18 2 0
github.com/gomockserver/mockserver/internal/adapter/websocket_adapter.go:311.18,314.5 2 0
github.com/gomockserver/mockserver/internal/adapter/websocket_adapter.go:316.20,317.10 1 1
github.com/gomockserver/mockserver/internal/adapter/websocket_adapter.go:323.64,327.6 3 1
github.com/gomockserver/mockserver/internal/adapter/websocket_adapter.go:327.6,328.10 1 1
github.com/gomockserver/mockserver/internal/adapter/websocket_adapter.go:329.19,335.77 5 0
github.com/gomockserver/mockserver/internal/adapter/websocket_adapter.go:335.77,338.5 2 0
github.com/gomockserver/mockserver/internal/adapter/websocket_adapter.go:340.20,341.10 1 1
github.com/gomockserver/mockserver/internal/adapter/websocket_adapter.go:347.68,349.35 2 2
github.com/gomockserver/mockserver/internal/adapter/websocket_adapter.go:349.35,350.22 1 8
github.com/gomockserver/mockserver/internal/adapter/websocket_adapter.go:350.22,352.4 1 7
github.com/gomockserver/mockserver/internal/adapter/websocket_adapter.go:354.2,354.15 1 2
github.com/gomockserver/mockserver/internal/adapter/websocket_adapter.go:358.64,360.33 2 2
github.com/gomockserver/mockserver/internal/adapter/websocket_adapter.go:360.33,361.22 1 3
github.com/gomockserver/mockserver/internal/adapter/websocket_adapter.go:361.22,363.4 1 2
github.com/gomockserver/mockserver/internal/adapter/websocket_adapter.go:365.2,365.15 1 2
github.com/gomockserver/mockserver/internal/api/health_handler.go:23.84,28.2 1 1
github.com/gomockserver/mockserver/internal/api/health_handler.go:86.48,95.53 6 1
github.com/gomockserver/mockserver/internal/api/health_handler.go:95.53,99.3 3 0
github.com/gomockserver/mockserver/internal/api/health_handler.go:100.2,107.26 5 1
github.com/gomockserver/mockserver/internal/api/health_handler.go:107.26,109.3 1 0
github.com/gomockserver/mockserver/internal/api/health_handler.go:110.2,116.27 4 1
github.com/gomockserver/mockserver/internal/api/health_handler.go:116.27,118.3 1 0
github.com/gomockserver/mockserver/internal/api/health_handler.go:119.2,131.34 5 1
github.com/gomockserver/mockserver/internal/api/health_handler.go:131.34,133.3 1 0
github.com/gomockserver/mockserver/internal/api/health_handler.go:135.2,135.30 1 1
github.com/gomockserver/mockserver/internal/api/health_handler.go:145.49,186.53 10 1
github.com/gomockserver/mockserver/internal/api/health_handler.go:186.53,191.3 4 0
github.com/gomockserver/mockserver/internal/api/health_handler.go:191.8,193.3 1 1
github.com/gomockserver/mockserver/internal/api/health_handler.go:196.2,196.22 1 1
github.com/gomockserver/mockserver/internal/api/health_handler.go:196.22,198.3 1 0
github.com/gomockserver/mockserver/internal/api/health_handler.go:200.2,208.33 2 1
github.com/gomockserver/mockserver/internal/api/health_handler.go:219.47,224.53 3 1
github.com/gomockserver/mockserver/internal/api/health_handler.go:224.53,232.3 3 0
github.com/gomockserver/mockserver/internal/api/health_handler.go:234.2,237.4 1 1
github.com/gomockserver/mockserver/internal/api/health_handler.go:247.46,252.2 1 1
github.com/gomockserver/mockserver/internal/api/mock_handler.go:15.36,17.2 1 0
github.com/gomockserver/mockserver/internal/api/mock_handler.go:31.55,36.2 1 0
github.com/gomockserver/mockserver/internal/api/mock_handler.go:40.54,42.21 2 0
github.com/gomockserver/mockserver/internal/api/mock_handler.go:42.21,45.3 2 0
github.com/gomockserver/mockserver/internal/api/mock_handler.go:49.2,50.32 2 0
github.com/gomockserver/mockserver/internal/api/mock_handler.go:55.56,57.21 2 0
github.com/gomockserver/mockserver/internal/api/mock_handler.go:57.21,60.3 2 0
github.com/gomockserver/mockserver/internal/api/mock_handler.go:63.2,65.4 1 0
github.com/gomockserver/mockserver/internal/api/mock_handler.go:70.61,72.14 2 0
github.com/gomockserver/mockserver/internal/api/mock_handler.go:72.14,75.3 2 0
github.com/gomockserver/mockserver/internal/api/mock_handler.go:78.2,80.4 1 0
github.com/gomockserver/mockserver/internal/api/project_handler.go:20.132,25.2 1 25
github.com/gomockserver/mockserver/internal/api/project_handler.go:28.56,30.51 2 3
github.com/gomockserver/mockserver/internal/api/project_handler.go:30.51,33.3 2 1
github.com/gomockserver/mockserver/internal/api/project_handler.go:35.2,35.76 1 2
github.com/gomockserver/mockserver/internal/api/project_handler.go:35.76,39.3 3 1
github.com/gomockserver/mockserver/internal/api/project_handler.go:41.2,41.37 1 1
github.com/gomockserver/mockserver/internal/api/project_handler.go:45.55,47.16 2 0
github.com/gomockserver/mockserver/internal/api/project_handler.go:47.16,51.3 3 0
github.com/gomockserver/mockserver/internal/api/project_handler.go:53.2,53.33 1 0
github.com/gomockserver/mockserver/internal/api/project_handler.go:57.53,61.16 3 3
github.com/gomockserver/mockserver/internal/api/project_handler.go:61.16,65.3 3 1
github.com/gomockserver/mockserver/internal/api/project_handler.go:67.2,67.20 1 2
github.com/gomockserver/mockserver/internal/api/project_handler.go:67.20,70.3 2 1
github.com/gomockserver/mockserver/internal/api/project_handler.go:72.2,72.32 1 1
github.com/gomockserver/mockserver/internal/api/project_handler.go:76.56,80.51 3 3
github.com/gomockserver/mockserver/internal/api/project_handler.go:80.51,83.3 2 1
github.com/gomockserver/mockserver/internal/api/project_handler.go:85.2,87.76 2 2
github.com/gomockserver/mockserver/internal/api/project_handler.go:87.76,91.3 3 1
github.com/gomockserver/mockserver/internal/api/project_handler.go:93.2,93.32 1 1
github.com/gomockserver/mockserver/internal/api/project_handler.go:97.56,100.70 2 2
github.com/gomockserver/mockserver/internal/api/project_handler.go:100.70,104.3 3 1
github.com/gomockserver/mockserver/internal/api/project_handler.go:106.2,106.73 1 1
github.com/gomockserver/mockserver/internal/api/project_handler.go:110.60,112.55 2 3
github.com/gomockserver/mockserver/internal/api/project_handler.go:112.55,115.3 2 1
github.com/gomockserver/mockserver/internal/api/project_handler.go:117.2,117.84 1 2
github.com/gomockserver/mockserver/internal/api/project_handler.go:117.84,121.3 3 1
github.com/gomockserver/mockserver/internal/api/project_handler.go:123.2,123.41 1 1
github.com/gomockserver/mockserver/internal/api/project_handler.go:127.57,131.16 3 3
github.com/gomockserver/mockserver/internal/api/project_handler.go:131.16,135.3 3 1
github.com/gomockserver/mockserver/internal/api/project_handler.go:137.2,137.24 1 2
github.com/gomockserver/mockserver/internal/api/project_handler.go:137.24,140.3 2 1
github.com/gomockserver/mockserver/internal/api/project_handler.go:142.2,142.36 1 1
github.com/gomockserver/mockserver/internal/api/project_handler.go:146.59,148.21 2 3
github.com/gomockserver/mockserver/internal/api/project_handler.go:148.21,151.3 2 1
github.com/gomockserver/mockserver/internal/api/project_handler.go:153.2,154.16 2 2
github.com/gomockserver/mockserver/internal/api/project_handler.go:154.16,158.3 3 1
github.com/gomockserver/mockserver/internal/api/project_handler.go:160.2,162.4 1 1
github.com/gomockserver/mockserver/internal/api/project_handler.go:166.60,170.55 3 3
github.com/gomockserver/mockserver/internal/api/project_handler.go:170.55,173.3 2 1
github.com/gomockserver/mockserver/internal/api/project_handler.go:175.2,177.84 2 2
github.com/gomockserver/mockserver/internal/api/project_handler.go:177.84,181.3 3 1
github.com/gomockserver/mockserver/internal/api/project_handler.go:183.2,183.36 1 1
github.com/gomockserver/mockserver/internal/api/project_handler.go:187.60,190.74 2 2
github.com/gomockserver/mockserver/internal/api/project_handler.go:190.74,194.3 3 1
github.com/gomockserver/mockserver/internal/api/project_handler.go:196.2,196.77 1 1
github.com/gomockserver/mockserver/internal/api/request_log_handler.go:20.84,24.2 1 1
github.com/gomockserver/mockserver/internal/api/request_log_handler.go:27.64,29.2 2 1
github.com/gomockserver/mockserver/internal/api/request_log_handler.go:29.2,34.3 4 1
github.com/gomockserver/mockserver/internal/api/request_log_handler.go:84.61,86.48 2 1
github.com/gomockserver/mockserver/internal/api/request_log_handler.go:86.48,89.3 2 0
github.com/gomockserver/mockserver/internal/api/request_log_handler.go:92.2,92.19 1 1
github.com/gomockserver/mockserver/internal/api/request_log_handler.go:92.19,94.3 1 1
github.com/gomockserver/mockserver/internal/api/request_log_handler.go:95.2,95.23 1 1
github.com/gomockserver/mockserver/internal/api/request_log_handler.go:95.23,97.3 1 1
github.com/gomockserver/mockserver/internal/api/request_log_handler.go:100.2,115.25 2 1
github.com/gomockserver/mockserver/internal/api/request_log_handler.go:115.25,116.68 1 0
github.com/gomockserver/mockserver/internal/api/request_log_handler.go:116.68,118.4 1 0
github.com/gomockserver/mockserver/internal/api/request_log_handler.go:120.2,120.23 1 1
github.com/gomockserver/mockserver/internal/api/request_log_handler.go:120.23,121.66 1 0
github.com/gomockserver/mockserver/internal/api/request_log_handler.go:121.66,123.4 1 0
github.com/gomockserver/mockserver/internal/api/request_log_handler.go:127.2,127.28 1 1
github.com/gomockserver/mockserver/internal/api/request_log_handler.go:127.28,129.3 1 0
github.com/gomockserver/mockserver/internal/api/request_log_handler.go:129.8,131.3 1 1
github.com/gomockserver/mockserver/internal/api/request_log_handler.go:134.2,135.16 2 1
github.com/gomockserver/mockserver/internal/api/request_log_handler.go:135.16,139.3 3 0
github.com/gomockserver/mockserver/internal/api/request_log_handler.go:141.2,146.4 1 1
github.com/gomockserver/mockserver/internal/api/request_log_handler.go:157.59,159.14 2 1
github.com/gomockserver/mockserver/internal/api/request_log_handler.go:159.14,162.3 2 0
github.com/gomockserver/mockserver/internal/api/request_log_handler.go:164.2,165.16 2 1
github.com/gomockserver/mockserver/internal/api/request_log_handler.go:165.16,169.3 3 0
github.com/gomockserver/mockserver/internal/api/request_log_handler.go:171.2,171.16 1 1
github.com/gomockserver/mockserver/internal/api/request_log_handler.go:171.16,174.3 2 0
github.com/gomockserver/mockserver/internal/api/request_log_handler.go:176.2,176.28 1 1
github.com/gomockserver/mockserver/internal/api/request_log_handler.go:192.57,194.48 2 0
github.com/gomockserver/mockserver/internal/api/request_log_handler.go:194.48,197.3 2 0
github.com/gomockserver/mockserver/internal/api/request_log_handler.go:199.2,201.16 3 0
github.com/gomockserver/mockserver/internal/api/request_log_handler.go:201.16,205.3 3 0
github.com/gomockserver/mockserver/internal/api/request_log_handler.go:207.2,215.4 2 0
github.com/gomockserver/mockserver/internal/api/request_log_handler.go:239.59,241.48 2 1
github.com/gomockserver/mockserver/internal/api/request_log_handler.go:241.48,244.3 2 0
github.com/gomockserver/mockserver/internal/api/request_log_handler.go:246.2,249.25 2 1
github.com/gomockserver/mockserver/internal/api/request_log_handler.go:249.25,250.68 1 0
github.com/gomockserver/mockserver/internal/api/request_log_handler.go:250.68,252.4 1 0
github.com/gomockserver/mockserver/internal/api/request_log_handler.go:254.2,254.23 1 1
github.com/gomockserver/mockserver/internal/api/request_log_handler.go:254.23,255.66 1 0
github.com/gomockserver/mockserver/internal/api/request_log_handler.go:255.66,257.4 1 0
github.com/gomockserver/mockserver/internal/api/request_log_handler.go:261.2,261.44 1 1
github.com/gomockserver/mockserver/internal/api/request_log_handler.go:261.44,263.21 2 1
github.com/gomockserver/mockserver/internal/api/request_log_handler.go:264.14,265.44 1 1
github.com/gomockserver/mockserver/internal/api/request_log_handler.go:266.13,267.41 1 0
github.com/gomockserver/mockserver/internal/api/request_log_handler.go:268.14,269.42 1 0
github.com/gomockserver/mockserver/internal/api/request_log_handler.go:270.11,271.44 1 0
github.com/gomockserver/mockserver/internal/api/request_log_handler.go:276.2,277.16 2 1
github.com/gomockserver/mockserver/internal/api/request_log_handler.go:277.16,281.3 3 0
github.com/gomockserver/mockserver/internal/api/request_log_handler.go:283.2,283.30 1 1
github.com/gomockserver/mockserver/internal/api/rule_handler.go:22.154,28.2 1 23
github.com/gomockserver/mockserver/internal/api/rule_handler.go:31.50,33.48 2 5
github.com/gomockserver/mockserver/internal/api/rule_handler.go:33.48,36.3 2 1
github.com/gomockserver/mockserver/internal/api/rule_handler.go:39.2,39.73 1 4
github.com/gomockserver/mockserver/internal/api/rule_handler.go:39.73,42.3 2 2
github.com/gomockserver/mockserver/internal/api/rule_handler.go:45.2,45.70 1 2
github.com/gomockserver/mockserver/internal/api/rule_handler.go:45.70,49.3 3 1
github.com/gomockserver/mockserver/internal/api/rule_handler.go:51.2,51.34 1 1
github.com/gomockserver/mockserver/internal/api/rule_handler.go:55.47,57.14 2 3
github.com/gomockserver/mockserver/internal/api/rule_handler.go:57.14,60.3 2 0
github.com/gomockserver/mockserver/internal/api/rule_handler.go:62.2,63.16 2 3
github.com/gomockserver/mockserver/internal/api/rule_handler.go:63.16,67.3 3 1
github.com/gomockserver/mockserver/internal/api/rule_handler.go:69.2,69.17 1 2
github.com/gomockserver/mockserver/internal/api/rule_handler.go:69.17,72.3 2 1
github.com/gomockserver/mockserver/internal/api/rule_handler.go:74.2,74.29 1 1
github.com/gomockserver/mockserver/internal/api/rule_handler.go:78.50,80.14 2 3
github.com/gomockserver/mockserver/internal/api/rule_handler.go:80.14,83.3 2 0
github.com/gomockserver/mockserver/internal/api/rule_handler.go:85.2,86.48 2 3
github.com/gomockserver/mockserver/internal/api/rule_handler.go:86.48,89.3 2 1
github.com/gomockserver/mockserver/internal/api/rule_handler.go:91.2,93.70 2 2
github.com/gomockserver/mockserver/internal/api/rule_handler.go:93.70,97.3 3 1
github.com/gomockserver/mockserver/internal/api/rule_handler.go:99.2,99.29 1 1
github.com/gomockserver/mockserver/internal/api/rule_handler.go:103.50,105.14 2 2
github.com/gomockserver/mockserver/internal/api/rule_handler.go:105.14,108.3 2 0
github.com/gomockserver/mockserver/internal/api/rule_handler.go:110.2,110.67 1 2
github.com/gomockserver/mockserver/internal/api/rule_handler.go:110.67,114.3 3 1
github.com/gomockserver/mockserver/internal/api/rule_handler.go:116.2,116.70 1 1
github.com/gomockserver/mockserver/internal/api/rule_handler.go:120.49,125.14 3 4
github.com/gomockserver/mockserver/internal/api/rule_handler.go:125.14,127.3 1 0
github.com/gomockserver/mockserver/internal/api/rule_handler.go:128.2,128.36 1 4
github.com/gomockserver/mockserver/internal/api/rule_handler.go:128.36,130.3 1 0
github.com/gomockserver/mockserver/internal/api/rule_handler.go:132.2,136.57 3 4
github.com/gomockserver/mockserver/internal/api/rule_handler.go:136.57,138.3 1 1
github.com/gomockserver/mockserver/internal/api/rule_handler.go:139.2,139.69 1 4
github.com/gomockserver/mockserver/internal/api/rule_handler.go:139.69,141.3 1 0
github.com/gomockserver/mockserver/internal/api/rule_handler.go:142.2,142.53 1 4
github.com/gomockserver/mockserver/internal/api/rule_handler.go:142.53,144.3 1 0
github.com/gomockserver/mockserver/internal/api/rule_handler.go:145.2,145.50 1 4
github.com/gomockserver/mockserver/internal/api/rule_handler.go:145.50,147.3 1 1
github.com/gomockserver/mockserver/internal/api/rule_handler.go:149.2,150.16 2 4
github.com/gomockserver/mockserver/internal/api/rule_handler.go:150.16,154.3 3 1
github.com/gomockserver/mockserver/internal/api/rule_handler.go:156.2,161.4 1 3
github.com/gomockserver/mockserver/internal/api/rule_handler.go:165.50,167.14 2 4
github.com/gomockserver/mockserver/internal/api/rule_handler.go:167.14,170.3 2 0
github.com/gomockserver/mockserver/internal/api/rule_handler.go:172.2,173.16 2 4
github.com/gomockserver/mockserver/internal/api/rule_handler.go:173.16,177.3 3 1
github.com/gomockserver/mockserver/internal/api/rule_handler.go:179.2,179.17 1 3
github.com/gomockserver/mockserver/internal/api/rule_handler.go:179.17,182.3 2 1
github.com/gomockserver/mockserver/internal/api/rule_handler.go:184.2,185.69 2 2
github.com/gomockserver/mockserver/internal/api/rule_handler.go:185.69,189.3 3 1
github.com/gomockserver/mockserver/internal/api/rule_handler.go:191.2,191.70 1 1
github.com/gomockserver/mockserver/internal/api/rule_handler.go:195.51,197.14 2 2
github.com/gomockserver/mockserver/internal/api/rule_handler.go:197.14,200.3 2 0
github.com/gomockserver/mockserver/internal/api/rule_handler.go:202.2,203.16 2 2
github.com/gomockserver/mockserver/internal/api/rule_handler.go:203.16,207.3 3 0
github.com/gomockserver/mockserver/internal/api/rule_handler.go:209.2,209.17 1 2
github.com/gomockserver/mockserver/internal/api/rule_handler.go:209.17,212.3 2 1
github.com/gomockserver/mockserver/internal/api/rule_handler.go:214.2,215.69 2 1
github.com/gomockserver/mockserver/internal/api/rule_handler.go:215.69,219.3 3 0
github.com/gomockserver/mockserver/internal/api/rule_handler.go:221.2,221.71 1 1
github.com/gomockserver/mockserver/internal/api/statistics_handler.go:22.114,27.2 1 1
github.com/gomockserver/mockserver/internal/api/statistics_handler.go:30.64,32.2 2 1
github.com/gomockserver/mockserver/internal/api/statistics_handler.go:32.2,37.3 4 1
github.com/gomockserver/mockserver/internal/api/statistics_handler.go:124.57,132.16 4 1
github.com/gomockserver/mockserver/internal/api/statistics_handler.go:132.16,136.3 3 0
github.com/gomockserver/mockserver/internal/api/statistics_handler.go:139.2,140.16 2 1
github.com/gomockserver/mockserver/internal/api/statistics_handler.go:140.16,144.3 3 0
github.com/gomockserver/mockserver/internal/api/statistics_handler.go:147.2,148.16 2 1
github.com/gomockserver/mockserver/internal/api/statistics_handler.go:148.16,151.3 2 0
github.com/gomockserver/mockserver/internal/api/statistics_handler.go:154.2,155.16 2 1
github.com/gomockserver/mockserver/internal/api/statistics_handler.go:155.16,158.3 2 0
github.com/gomockserver/mockserver/internal/api/statistics_handler.go:161.2,162.16 2 1
github.com/gomockserver/mockserver/internal/api/statistics_handler.go:162.16,165.3 2 0
github.com/gomockserver/mockserver/internal/api/statistics_handler.go:168.2,169.34 2 1
github.com/gomockserver/mockserver/internal/api/statistics_handler.go:169.34,171.3 1 1
github.com/gomockserver/mockserver/internal/api/statistics_handler.go:174.2,175.16 2 1
github.com/gomockserver/mockserver/internal/api/statistics_handler.go:175.16,182.3 2 0
github.com/gomockserver/mockserver/internal/api/statistics_handler.go:185.2,186.16 2 1
github.com/gomockserver/mockserver/internal/api/statistics_handler.go:186.16,189.3 2 0
github.com/gomockserver/mockserver/internal/api/statistics_handler.go:191.2,203.33 2 1
github.com/gomockserver/mockserver/internal/api/statistics_handler.go:213.57,220.16 4 1
github.com/gomockserver/mockserver/internal/api/statistics_handler.go:220.16,224.3 3 0
github.com/gomockserver/mockserver/internal/api/statistics_handler.go:226.2,227.29 2 1
github.com/gomockserver/mockserver/internal/api/statistics_handler.go:227.29,229.3 1 0
github.com/gomockserver/mockserver/internal/api/statistics_handler.go:232.2,233.29 2 1
github.com/gomockserver/mockserver/internal/api/statistics_handler.go:233.29,235.3 1 0
github.com/gomockserver/mockserver/internal/api/statistics_handler.go:238.2,260.33 3 1
github.com/gomockserver/mockserver/internal/api/statistics_handler.go:272.54,281.16 6 1
github.com/gomockserver/mockserver/internal/api/statistics_handler.go:282.14,284.27 2 0
github.com/gomockserver/mockserver/internal/api/statistics_handler.go:285.13,287.28 2 1
github.com/gomockserver/mockserver/internal/api/statistics_handler.go:288.14,290.32 2 0
github.com/gomockserver/mockserver/internal/api/statistics_handler.go:291.15,293.33 2 0
github.com/gomockserver/mockserver/internal/api/statistics_handler.go:294.10,296.28 2 0
github.com/gomockserver/mockserver/internal/api/statistics_handler.go:300.2,303.37 3 1
github.com/gomockserver/mockserver/internal/api/statistics_handler.go:303.37,307.17 3 8
github.com/gomockserver/mockserver/internal/api/statistics_handler.go:307.17,312.4 1 0
github.com/gomockserver/mockserver/internal/api/statistics_handler.go:312.9,314.32 2 8
github.com/gomockserver/mockserver/internal/api/statistics_handler.go:314.32,316.5 1 7
github.com/gomockserver/mockserver/internal/api/statistics_handler.go:317.4,323.6 1 8
github.com/gomockserver/mockserver/internal/api/statistics_handler.go:326.3,326.25 1 8
github.com/gomockserver/mockserver/internal/api/statistics_handler.go:329.2,334.33 2 1
github.com/gomockserver/mockserver/internal/api/statistics_handler.go:345.59,353.16 5 1
github.com/gomockserver/mockserver/internal/api/statistics_handler.go:354.13,358.29 4 1
github.com/gomockserver/mockserver/internal/api/statistics_handler.go:359.14,362.19 2 0
github.com/gomockserver/mockserver/internal/api/statistics_handler.go:362.19,364.4 1 0
github.com/gomockserver/mockserver/internal/api/statistics_handler.go:365.3,368.29 4 0
github.com/gomockserver/mockserver/internal/api/statistics_handler.go:369.15,374.29 4 0
github.com/gomockserver/mockserver/internal/api/statistics_handler.go:375.10,379.29 4 0
github.com/gomockserver/mockserver/internal/api/statistics_handler.go:383.2,384.16 2 1
github.com/gomockserver/mockserver/internal/api/statistics_handler.go:384.16,388.3 3 0
github.com/gomockserver/mockserver/internal/api/statistics_handler.go:391.2,392.16 2 1
github.com/gomockserver/mockserver/internal/api/statistics_handler.go:392.16,396.3 3 0
github.com/gomockserver/mockserver/internal/api/statistics_handler.go:399.2,400.37 2 1
github.com/gomockserver/mockserver/internal/api/statistics_handler.go:400.37,402.3 1 0
github.com/gomockserver/mockserver/internal/api/statistics_handler.go:405.2,406.36 2 1
github.com/gomockserver/mockserver/internal/api/statistics_handler.go:406.36,408.3 1 1
github.com/gomockserver/mockserver/internal/api/statistics_handler.go:409.2,410.37 2 1
github.com/gomockserver/mockserver/internal/api/statistics_handler.go:410.37,412.3 1 0
github.com/gomockserver/mockserver/internal/api/statistics_handler.go:413.2,416.35 3 1
github.com/gomockserver/mockserver/internal/api/statistics_handler.go:416.35,418.3 1 0
github.com/gomockserver/mockserver/internal/api/statistics_handler.go:420.2,444.33 2 1
github.com/gomockserver/mockserver/internal/api/statistics_handler.go:448.100,460.16 3 1
github.com/gomockserver/mockserver/internal/api/statistics_handler.go:460.16,462.3 1 0
github.com/gomockserver/mockserver/internal/api/statistics_handler.go:463.2,466.23 3 1
github.com/gomockserver/mockserver/internal/api/statistics_handler.go:466.23,471.48 2 1
github.com/gomockserver/mockserver/internal/api/statistics_handler.go:471.48,473.4 1 0
github.com/gomockserver/mockserver/internal/api/statistics_handler.go:474.3,474.22 1 1
github.com/gomockserver/mockserver/internal/api/statistics_handler.go:474.22,476.4 1 0
github.com/gomockserver/mockserver/internal/api/statistics_handler.go:479.2,479.37 1 1
github.com/gomockserver/mockserver/internal/api/statistics_handler.go:479.37,481.3 1 0
github.com/gomockserver/mockserver/internal/api/statistics_handler.go:484.2,484.40 1 1
github.com/gomockserver/mockserver/internal/api/statistics_handler.go:484.40,486.3 1 1
github.com/gomockserver/mockserver/internal/api/statistics_handler.go:487.2,487.45 1 1
github.com/gomockserver/mockserver/internal/api/statistics_handler.go:487.45,489.3 1 1
github.com/gomockserver/mockserver/internal/api/statistics_handler.go:491.2,491.26 1 1
github.com/gomockserver/mockserver/internal/api/statistics_handler.go:495.100,525.16 3 1
github.com/gomockserver/mockserver/internal/api/statistics_handler.go:525.16,527.3 1 0
github.com/gomockserver/mockserver/internal/api/statistics_handler.go:528.2,531.23 3 1
github.com/gomockserver/mockserver/internal/api/statistics_handler.go:531.23,537.48 2 1
github.com/gomockserver/mockserver/internal/api/statistics_handler.go:537.48,539.4 1 0
github.com/gomockserver/mockserver/internal/api/statistics_handler.go:542.3,543.30 2 1
github.com/gomockserver/mockserver/internal/api/statistics_handler.go:543.30,545.4 1 1
github.com/gomockserver/mockserver/internal/api/statistics_handler.go:548.3,553.17 4 1
github.com/gomockserver/mockserver/internal/api/statistics_handler.go:553.17,555.4 1 0
github.com/gomockserver/mockserver/internal/api/statistics_handler.go:557.3,562.5 1 1
github.com/gomockserver/mockserver/internal/api/statistics_handler.go:565.2,565.37 1 1
github.com/gomockserver/mockserver/internal/api/statistics_handler.go:565.37,567.3 1 0
github.com/gomockserver/mockserver/internal/api/statistics_handler.go:569.2,569.25 1 1
github.com/gomockserver/mockserver/internal/metrics/metrics.go:40.21,176.2 1 1
github.com/gomockserver/mockserver/internal/metrics/metrics.go:179.88,183.2 3 30
github.com/gomockserver/mockserver/internal/metrics/metrics.go:186.93,188.13 2 14
github.com/gomockserver/mockserver/internal/metrics/metrics.go:188.13,190.3 1 12
github.com/gomockserver/mockserver/internal/metrics/metrics.go:191.2,192.66 2 14
github.com/gomockserver/mockserver/internal/metrics/metrics.go:196.81,198.2 1 5
github.com/gomockserver/mockserver/internal/metrics/metrics.go:201.60,203.2 1 5
github.com/gomockserver/mockserver/internal/metrics/metrics.go:206.44,208.2 1 2
github.com/gomockserver/mockserver/internal/metrics/metrics.go:211.44,213.2 1 1
github.com/gomockserver/mockserver/internal/metrics/metrics.go:216.53,218.2 1 3
github.com/gomockserver/mockserver/internal/metrics/metrics.go:221.95,225.2 3 3
github.com/gomockserver/mockserver/internal/metrics/metrics.go:228.44,230.2 1 4
github.com/gomockserver/mockserver/internal/metrics/metrics.go:233.47,235.2 1 4
github.com/gomockserver/mockserver/internal/metrics/metrics.go:238.51,240.2 1 13
github.com/gomockserver/mockserver/internal/metrics/metrics.go:243.51,245.2 1 12
github.com/gomockserver/mockserver/internal/engine/common_patterns.go:45.50,46.46 1 1
github.com/gomockserver/mockserver/internal/engine/common_patterns.go:46.46,48.55 1 23
github.com/gomockserver/mockserver/internal/engine/common_patterns.go:48.55,49.12 1 0
github.com/gomockserver/mockserver/internal/engine/common_patterns.go:53.3,53.53 1 23
github.com/gomockserver/mockserver/internal/engine/common_patterns.go:53.53,55.4 1 23
github.com/gomockserver/mockserver/internal/engine/common_patterns.go:59.2,59.58 1 1
github.com/gomockserver/mockserver/internal/engine/lru_cache.go:25.52,31.2 1 14
github.com/gomockserver/mockserver/internal/engine/lru_cache.go:34.68,38.49 3 56
github.com/gomockserver/mockserver/internal/engine/lru_cache.go:38.49,42.3 2 47
github.com/gomockserver/mockserver/internal/engine/lru_cache.go:44.2,44.19 1 9
github.com/gomockserver/mockserver/internal/engine/lru_cache.go:48.67,52.49 3 41
github.com/gomockserver/mockserver/internal/engine/lru_cache.go:52.49,56.3 2 1
github.com/gomockserver/mockserver/internal/engine/lru_cache.go:56.8,58.33 1 40
github.com/gomockserver/mockserver/internal/engine/lru_cache.go:58.33,61.19 2 3
github.com/gomockserver/mockserver/internal/engine/lru_cache.go:61.19,65.5 3 3
github.com/gomockserver/mockserver/internal/engine/lru_cache.go:69.3,71.29 3 40
github.com/gomockserver/mockserver/internal/engine/lru_cache.go:76.36,80.2 3 38
github.com/gomockserver/mockserver/internal/engine/lru_cache.go:83.33,88.2 4 1
github.com/gomockserver/mockserver/internal/engine/match_engine.go:35.70,40.2 1 10
github.com/gomockserver/mockserver/internal/engine/match_engine.go:43.131,46.16 2 5
github.com/gomockserver/mockserver/internal/engine/match_engine.go:46.16,49.3 2 0
github.com/gomockserver/mockserver/internal/engine/match_engine.go:52.2,52.29 1 5
github.com/gomockserver/mockserver/internal/engine/match_engine.go:52.29,54.40 1 4
github.com/gomockserver/mockserver/internal/engine/match_engine.go:54.40,55.12 1 1
github.com/gomockserver/mockserver/internal/engine/match_engine.go:59.3,60.17 2 3
github.com/gomockserver/mockserver/internal/engine/match_engine.go:60.17,64.12 2 0
github.com/gomockserver/mockserver/internal/engine/match_engine.go:67.3,67.14 1 3
github.com/gomockserver/mockserver/internal/engine/match_engine.go:67.14,72.4 2 2
github.com/gomockserver/mockserver/internal/engine/match_engine.go:76.2,76.17 1 3
github.com/gomockserver/mockserver/internal/engine/match_engine.go:80.92,81.24 1 7
github.com/gomockserver/mockserver/internal/engine/match_engine.go:82.30,83.38 1 4
github.com/gomockserver/mockserver/internal/engine/match_engine.go:84.29,85.37 1 1
github.com/gomockserver/mockserver/internal/engine/match_engine.go:86.30,87.38 1 1
github.com/gomockserver/mockserver/internal/engine/match_engine.go:88.10,89.73 1 1
github.com/gomockserver/mockserver/internal/engine/match_engine.go:94.94,95.42 1 17
github.com/gomockserver/mockserver/internal/engine/match_engine.go:95.42,97.3 1 1
github.com/gomockserver/mockserver/internal/engine/match_engine.go:100.2,101.16 2 16
github.com/gomockserver/mockserver/internal/engine/match_engine.go:101.16,103.3 1 0
github.com/gomockserver/mockserver/internal/engine/match_engine.go:105.2,106.67 2 16
github.com/gomockserver/mockserver/internal/engine/match_engine.go:106.67,108.3 1 0
github.com/gomockserver/mockserver/internal/engine/match_engine.go:111.2,114.29 2 16
github.com/gomockserver/mockserver/internal/engine/match_engine.go:114.29,115.45 1 15
github.com/gomockserver/mockserver/internal/engine/match_engine.go:115.45,117.4 1 2
github.com/gomockserver/mockserver/internal/engine/match_engine.go:121.2,121.26 1 14
github.com/gomockserver/mockserver/internal/engine/match_engine.go:121.26,122.47 1 13
github.com/gomockserver/mockserver/internal/engine/match_engine.go:122.47,124.4 1 0
github.com/gomockserver/mockserver/internal/engine/match_engine.go:128.2,128.30 1 14
github.com/gomockserver/mockserver/internal/engine/match_engine.go:128.30,130.42 2 3
github.com/gomockserver/mockserver/internal/engine/match_engine.go:130.42,132.4 1 1
github.com/gomockserver/mockserver/internal/engine/match_engine.go:136.2,136.32 1 13
github.com/gomockserver/mockserver/internal/engine/match_engine.go:136.32,137.56 1 3
github.com/gomockserver/mockserver/internal/engine/match_engine.go:137.56,139.4 1 1
github.com/gomockserver/mockserver/internal/engine/match_engine.go:143.2,143.36 1 12
github.com/gomockserver/mockserver/internal/engine/match_engine.go:143.36,144.65 1 4
github.com/gomockserver/mockserver/internal/engine/match_engine.go:144.65,146.4 1 2
github.com/gomockserver/mockserver/internal/engine/match_engine.go:149.2,149.18 1 10
github.com/gomockserver/mockserver/internal/engine/match_engine.go:153.76,155.53 1 16
github.com/gomockserver/mockserver/internal/engine/match_engine.go:155.53,160.3 4 12
github.com/gomockserver/mockserver/internal/engine/match_engine.go:162.2,168.16 5 4
github.com/gomockserver/mockserver/internal/engine/match_engine.go:168.16,170.3 1 0
github.com/gomockserver/mockserver/internal/engine/match_engine.go:173.2,175.16 2 4
github.com/gomockserver/mockserver/internal/engine/match_engine.go:179.55,185.2 5 27
github.com/gomockserver/mockserver/internal/engine/match_engine.go:188.93,189.42 1 3
github.com/gomockserver/mockserver/internal/engine/match_engine.go:189.42,191.3 1 0
github.com/gomockserver/mockserver/internal/engine/match_engine.go:194.2,195.16 2 3
github.com/gomockserver/mockserver/internal/engine/match_engine.go:195.16,197.3 1 0
github.com/gomockserver/mockserver/internal/engine/match_engine.go:199.2,200.67 2 3
github.com/gomockserver/mockserver/internal/engine/match_engine.go:200.67,202.3 1 0
github.com/gomockserver/mockserver/internal/engine/match_engine.go:205.2,208.29 2 3
github.com/gomockserver/mockserver/internal/engine/match_engine.go:208.29,209.45 1 0
github.com/gomockserver/mockserver/internal/engine/match_engine.go:209.45,211.4 1 0
github.com/gomockserver/mockserver/internal/engine/match_engine.go:215.2,215.26 1 3
github.com/gomockserver/mockserver/internal/engine/match_engine.go:215.26,218.17 2 3
github.com/gomockserver/mockserver/internal/engine/match_engine.go:218.17,223.4 2 0
github.com/gomockserver/mockserver/internal/engine/match_engine.go:226.3,226.36 1 3
github.com/gomockserver/mockserver/internal/engine/match_engine.go:226.36,228.4 1 0
github.com/gomockserver/mockserver/internal/engine/match_engine.go:232.2,232.30 1 3
github.com/gomockserver/mockserver/internal/engine/match_engine.go:232.30,234.45 2 0
github.com/gomockserver/mockserver/internal/engine/match_engine.go:234.45,236.15 2 0
github.com/gomockserver/mockserver/internal/engine/match_engine.go:236.15,238.5 1 0
github.com/gomockserver/mockserver/internal/engine/match_engine.go:241.4,242.18 2 0
github.com/gomockserver/mockserver/internal/engine/match_engine.go:242.18,248.5 2 0
github.com/gomockserver/mockserver/internal/engine/match_engine.go:251.4,251.30 1 0
github.com/gomockserver/mockserver/internal/engine/match_engine.go:251.30,253.5 1 0
github.com/gomockserver/mockserver/internal/engine/match_engine.go:258.2,258.32 1 3
github.com/gomockserver/mockserver/internal/engine/match_engine.go:258.32,259.47 1 0
github.com/gomockserver/mockserver/internal/engine/match_engine.go:259.47,263.50 3 0
github.com/gomockserver/mockserver/internal/engine/match_engine.go:263.50,264.39 1 0
github.com/gomockserver/mockserver/internal/engine/match_engine.go:264.39,267.11 3 0
github.com/gomockserver/mockserver/internal/engine/match_engine.go:271.4,271.14 1 0
github.com/gomockserver/mockserver/internal/engine/match_engine.go:271.14,273.5 1 0
github.com/gomockserver/mockserver/internal/engine/match_engine.go:276.4,277.18 2 0
github.com/gomockserver/mockserver/internal/engine/match_engine.go:277.18,283.5 2 0
github.com/gomockserver/mockserver/internal/engine/match_engine.go:286.4,286.30 1 0
github.com/gomockserver/mockserver/internal/engine/match_engine.go:286.30,288.5 1 0
github.com/gomockserver/mockserver/internal/engine/match_engine.go:293.2,293.36 1 3
github.com/gomockserver/mockserver/internal/engine/match_engine.go:293.36,294.65 1 0
github.com/gomockserver/mockserver/internal/engine/match_engine.go:294.65,296.4 1 0
github.com/gomockserver/mockserver/internal/engine/match_engine.go:299.2,299.18 1 3
github.com/gomockserver/mockserver/internal/engine/match_engine.go:303.94,306.2 1 1
github.com/gomockserver/mockserver/internal/engine/match_engine.go:309.74,310.37 1 20
github.com/gomockserver/mockserver/internal/engine/match_engine.go:311.14,312.45 1 18
github.com/gomockserver/mockserver/internal/engine/match_engine.go:313.21,314.23 1 2
github.com/gomockserver/mockserver/internal/engine/match_engine.go:314.23,315.36 1 4
github.com/gomockserver/mockserver/internal/engine/match_engine.go:315.36,316.49 1 4
github.com/gomockserver/mockserver/internal/engine/match_engine.go:316.49,318.6 1 1
github.com/gomockserver/mockserver/internal/engine/match_engine.go:321.3,321.15 1 1
github.com/gomockserver/mockserver/internal/engine/match_engine.go:322.10,323.15 1 0
github.com/gomockserver/mockserver/internal/engine/match_engine.go:328.56,330.34 1 18
github.com/gomockserver/mockserver/internal/engine/match_engine.go:330.34,332.3 1 12
github.com/gomockserver/mockserver/internal/engine/match_engine.go:335.2,338.46 3 6
github.com/gomockserver/mockserver/internal/engine/match_engine.go:338.46,340.3 1 1
github.com/gomockserver/mockserver/internal/engine/match_engine.go:342.2,342.38 1 5
github.com/gomockserver/mockserver/internal/engine/match_engine.go:342.38,343.35 1 20
github.com/gomockserver/mockserver/internal/engine/match_engine.go:343.35,345.12 1 5
github.com/gomockserver/mockserver/internal/engine/match_engine.go:347.3,347.30 1 15
github.com/gomockserver/mockserver/internal/engine/match_engine.go:347.30,349.4 1 1
github.com/gomockserver/mockserver/internal/engine/match_engine.go:352.2,352.13 1 4
github.com/gomockserver/mockserver/internal/engine/match_engine.go:356.70,357.41 1 8
github.com/gomockserver/mockserver/internal/engine/match_engine.go:357.41,358.33 1 9
github.com/gomockserver/mockserver/internal/engine/match_engine.go:358.33,360.4 1 3
github.com/gomockserver/mockserver/internal/engine/match_engine.go:362.2,362.13 1 5
github.com/gomockserver/mockserver/internal/engine/match_engine.go:366.76,367.43 1 7
github.com/gomockserver/mockserver/internal/engine/match_engine.go:367.43,370.48 2 9
github.com/gomockserver/mockserver/internal/engine/match_engine.go:370.48,371.38 1 11
github.com/gomockserver/mockserver/internal/engine/match_engine.go:371.38,372.26 1 9
github.com/gomockserver/mockserver/internal/engine/match_engine.go:372.26,374.6 1 2
github.com/gomockserver/mockserver/internal/engine/match_engine.go:375.5,376.10 2 7
github.com/gomockserver/mockserver/internal/engine/match_engine.go:379.3,379.13 1 7
github.com/gomockserver/mockserver/internal/engine/match_engine.go:379.13,381.4 1 0
github.com/gomockserver/mockserver/internal/engine/match_engine.go:383.2,383.13 1 5
github.com/gomockserver/mockserver/internal/engine/match_engine.go:387.66,390.26 2 18
github.com/gomockserver/mockserver/internal/engine/match_engine.go:390.26,393.3 2 1
github.com/gomockserver/mockserver/internal/engine/match_engine.go:395.2,395.36 1 17
github.com/gomockserver/mockserver/internal/engine/match_engine.go:395.36,397.58 1 20
github.com/gomockserver/mockserver/internal/engine/match_engine.go:397.58,399.37 1 7
github.com/gomockserver/mockserver/internal/engine/match_engine.go:399.37,401.5 1 5
github.com/gomockserver/mockserver/internal/engine/match_engine.go:402.4,402.12 1 2
github.com/gomockserver/mockserver/internal/engine/match_engine.go:406.3,406.44 1 13
github.com/gomockserver/mockserver/internal/engine/match_engine.go:406.44,408.31 1 12
github.com/gomockserver/mockserver/internal/engine/match_engine.go:408.31,410.5 1 6
github.com/gomockserver/mockserver/internal/engine/match_engine.go:411.4,411.12 1 6
github.com/gomockserver/mockserver/internal/engine/match_engine.go:415.3,415.75 1 1
github.com/gomockserver/mockserver/internal/engine/match_engine.go:418.2,418.14 1 6
github.com/gomockserver/mockserver/internal/engine/regex_validator.go:16.47,18.2 1 1
github.com/gomockserver/mockserver/internal/engine/regex_validator.go:21.49,23.25 1 58
github.com/gomockserver/mockserver/internal/engine/regex_validator.go:23.25,28.3 1 1
github.com/gomockserver/mockserver/internal/engine/regex_validator.go:31.2,33.31 3 57
github.com/gomockserver/mockserver/internal/engine/regex_validator.go:33.31,34.15 1 1030
github.com/gomockserver/mockserver/internal/engine/regex_validator.go:35.22,37.33 2 97
github.com/gomockserver/mockserver/internal/engine/regex_validator.go:37.33,39.5 1 56
github.com/gomockserver/mockserver/internal/engine/regex_validator.go:40.22,41.24 1 97
github.com/gomockserver/mockserver/internal/engine/regex_validator.go:41.24,43.5 1 97
github.com/gomockserver/mockserver/internal/engine/regex_validator.go:47.2,47.21 1 57
github.com/gomockserver/mockserver/internal/engine/regex_validator.go:47.21,52.3 1 1
github.com/gomockserver/mockserver/internal/engine/regex_validator.go:55.2,62.46 2 56
github.com/gomockserver/mockserver/internal/engine/regex_validator.go:62.46,63.43 1 218
github.com/gomockserver/mockserver/internal/engine/regex_validator.go:63.43,68.4 1 4
github.com/gomockserver/mockserver/internal/engine/regex_validator.go:72.2,74.32 3 52
github.com/gomockserver/mockserver/internal/engine/regex_validator.go:74.32,75.22 1 4
github.com/gomockserver/mockserver/internal/engine/regex_validator.go:75.22,79.22 4 4
github.com/gomockserver/mockserver/internal/engine/regex_validator.go:79.22,84.5 1 1
github.com/gomockserver/mockserver/internal/engine/regex_validator.go:89.2,91.31 3 51
github.com/gomockserver/mockserver/internal/engine/regex_validator.go:91.31,92.63 1 953
github.com/gomockserver/mockserver/internal/engine/regex_validator.go:92.63,94.47 2 99
github.com/gomockserver/mockserver/internal/engine/regex_validator.go:94.47,96.5 1 56
github.com/gomockserver/mockserver/internal/engine/regex_validator.go:97.9,99.4 1 854
github.com/gomockserver/mockserver/internal/engine/regex_validator.go:102.2,102.24 1 51
github.com/gomockserver/mockserver/internal/engine/regex_validator.go:102.24,107.3 1 1
github.com/gomockserver/mockserver/internal/engine/regex_validator.go:109.2,109.12 1 50
github.com/gomockserver/mockserver/internal/engine/script_engine.go:38.38,44.2 1 11
github.com/gomockserver/mockserver/internal/engine/script_engine.go:47.89,49.46 1 10
github.com/gomockserver/mockserver/internal/engine/script_engine.go:49.46,51.3 1 1
github.com/gomockserver/mockserver/internal/engine/script_engine.go:54.2,55.25 2 9
github.com/gomockserver/mockserver/internal/engine/script_engine.go:55.25,57.3 1 1
github.com/gomockserver/mockserver/internal/engine/script_engine.go:60.2,72.16 5 8
github.com/gomockserver/mockserver/internal/engine/script_engine.go:72.16,80.3 1 8
github.com/gomockserver/mockserver/internal/engine/script_engine.go:82.2,82.20 1 8
github.com/gomockserver/mockserver/internal/engine/script_engine.go:86.87,98.12 6 8
github.com/gomockserver/mockserver/internal/engine/script_engine.go:98.12,99.10 1 8
github.com/gomockserver/mockserver/internal/engine/script_engine.go:100.25,101.37 1 1
github.com/gomockserver/mockserver/internal/engine/script_engine.go:102.15,102.15 0 7
github.com/gomockserver/mockserver/internal/engine/script_engine.go:107.2,111.16 3 8
github.com/gomockserver/mockserver/internal/engine/script_engine.go:111.16,117.3 2 2
github.com/gomockserver/mockserver/internal/engine/script_engine.go:120.2,121.9 2 6
github.com/gomockserver/mockserver/internal/engine/script_engine.go:121.9,123.3 1 1
github.com/gomockserver/mockserver/internal/engine/script_engine.go:125.2,125.21 1 5
github.com/gomockserver/mockserver/internal/engine/script_engine.go:129.78,151.33 3 8
github.com/gomockserver/mockserver/internal/engine/script_engine.go:151.33,153.3 1 0
github.com/gomockserver/mockserver/internal/engine/script_engine.go:155.2,155.57 1 8
github.com/gomockserver/mockserver/internal/engine/script_engine.go:155.57,158.3 1 0
github.com/gomockserver/mockserver/internal/engine/script_engine.go:160.2,160.44 1 8
github.com/gomockserver/mockserver/internal/engine/script_engine.go:160.44,163.3 2 1
github.com/gomockserver/mockserver/internal/engine/script_engine.go:165.2,165.46 1 8
github.com/gomockserver/mockserver/internal/engine/script_engine.go:165.46,167.3 1 2
github.com/gomockserver/mockserver/internal/engine/script_engine.go:169.2,169.43 1 8
github.com/gomockserver/mockserver/internal/engine/script_engine.go:169.43,170.73 1 1
github.com/gomockserver/mockserver/internal/engine/script_engine.go:170.73,173.4 2 1
github.com/gomockserver/mockserver/internal/engine/script_engine.go:174.3,174.15 1 0
github.com/gomockserver/mockserver/internal/engine/script_engine.go:177.2,177.45 1 8
github.com/gomockserver/mockserver/internal/engine/script_engine.go:177.45,178.73 1 1
github.com/gomockserver/mockserver/internal/engine/script_engine.go:178.73,180.4 1 1
github.com/gomockserver/mockserver/internal/engine/script_engine.go:181.3,181.12 1 0
github.com/gomockserver/mockserver/internal/engine/script_engine.go:185.2,188.38 4 8
github.com/gomockserver/mockserver/internal/engine/script_engine.go:192.38,195.2 1 0
github.com/gomockserver/mockserver/internal/engine/script_engine.go:197.43,198.43 1 0
github.com/gomockserver/mockserver/internal/engine/script_engine.go:198.43,199.35 1 0
github.com/gomockserver/mockserver/internal/engine/script_engine.go:199.35,201.4 1 0
github.com/gomockserver/mockserver/internal/engine/script_engine.go:203.2,203.14 1 0
github.com/gomockserver/mockserver/internal/middleware/cors.go:20.37,40.2 1 7
github.com/gomockserver/mockserver/internal/middleware/cors.go:43.49,46.21 2 6
github.com/gomockserver/mockserver/internal/middleware/cors.go:46.21,48.3 1 1
github.com/gomockserver/mockserver/internal/middleware/cors.go:50.2,59.29 2 6
github.com/gomockserver/mockserver/internal/middleware/cors.go:64.46,66.45 1 3
github.com/gomockserver/mockserver/internal/middleware/cors.go:66.45,68.78 1 3
github.com/gomockserver/mockserver/internal/middleware/cors.go:68.78,70.5 1 2
github.com/gomockserver/mockserver/internal/middleware/cors.go:72.4,72.16 1 1
github.com/gomockserver/mockserver/internal/middleware/request_logger.go:24.96,29.2 1 5
github.com/gomockserver/mockserver/internal/middleware/request_logger.go:32.60,34.2 1 3
github.com/gomockserver/mockserver/internal/middleware/request_logger.go:42.55,45.2 2 5
github.com/gomockserver/mockserver/internal/middleware/request_logger.go:47.61,50.2 2 2
github.com/gomockserver/mockserver/internal/middleware/request_logger.go:53.61,54.30 1 3
github.com/gomockserver/mockserver/internal/middleware/request_logger.go:54.30,55.17 1 3
github.com/gomockserver/mockserver/internal/middleware/request_logger.go:55.17,58.4 2 1
github.com/gomockserver/mockserver/internal/middleware/request_logger.go:61.3,65.28 3 2
github.com/gomockserver/mockserver/internal/middleware/request_logger.go:65.28,69.4 2 2
github.com/gomockserver/mockserver/internal/middleware/request_logger.go:72.3,108.13 10 2
github.com/gomockserver/mockserver/internal/middleware/request_logger.go:108.13,110.57 2 2
github.com/gomockserver/mockserver/internal/middleware/request_logger.go:110.57,114.5 1 0
github.com/gomockserver/mockserver/internal/middleware/request_logger.go:120.83,122.52 1 4
github.com/gomockserver/mockserver/internal/middleware/request_logger.go:122.52,124.3 1 1
github.com/gomockserver/mockserver/internal/middleware/request_logger.go:125.2,125.28 1 3
github.com/gomockserver/mockserver/internal/middleware/request_logger.go:129.104,139.19 6 7
github.com/gomockserver/mockserver/internal/middleware/request_logger.go:139.19,142.57 2 4
github.com/gomockserver/mockserver/internal/middleware/request_logger.go:142.57,144.4 1 2
github.com/gomockserver/mockserver/internal/middleware/request_logger.go:144.9,147.27 2 2
github.com/gomockserver/mockserver/internal/middleware/request_logger.go:147.27,149.5 1 1
github.com/gomockserver/mockserver/internal/middleware/request_logger.go:150.4,150.26 1 2
github.com/gomockserver/mockserver/internal/middleware/request_logger.go:154.2,154.13 1 7
github.com/gomockserver/mockserver/internal/middleware/request_logger.go:158.105,165.19 4 5
github.com/gomockserver/mockserver/internal/middleware/request_logger.go:165.19,168.57 2 4
github.com/gomockserver/mockserver/internal/middleware/request_logger.go:168.57,170.4 1 3
github.com/gomockserver/mockserver/internal/middleware/request_logger.go:170.9,173.27 2 1
github.com/gomockserver/mockserver/internal/middleware/request_logger.go:173.27,175.5 1 0
github.com/gomockserver/mockserver/internal/middleware/request_logger.go:176.4,176.26 1 1
github.com/gomockserver/mockserver/internal/middleware/request_logger.go:180.2,180.13 1 5
github.com/gomockserver/mockserver/internal/middleware/request_logger.go:184.98,193.35 3 13
github.com/gomockserver/mockserver/internal/middleware/request_logger.go:193.35,195.33 2 22
github.com/gomockserver/mockserver/internal/middleware/request_logger.go:195.33,197.4 1 6
github.com/gomockserver/mockserver/internal/middleware/request_logger.go:197.9,197.29 1 16
github.com/gomockserver/mockserver/internal/middleware/request_logger.go:197.29,199.4 1 16
github.com/gomockserver/mockserver/internal/middleware/request_logger.go:202.2,202.15 1 13
github.com/gomockserver/mockserver/internal/middleware/request_logger.go:206.43,207.14 1 12
github.com/gomockserver/mockserver/internal/middleware/request_logger.go:207.14,209.3 1 9
github.com/gomockserver/mockserver/internal/middleware/request_logger.go:210.2,210.31 1 3
github.com/gomockserver/mockserver/internal/middleware/request_logger.go:210.31,212.3 1 2
github.com/gomockserver/mockserver/internal/middleware/request_logger.go:213.2,213.11 1 1
github.com/gomockserver/mockserver/internal/monitoring/metrics.go:29.28,31.2 1 6
github.com/gomockserver/mockserver/internal/monitoring/metrics.go:34.32,36.2 1 2
github.com/gomockserver/mockserver/internal/monitoring/metrics.go:39.34,41.2 1 1
github.com/gomockserver/mockserver/internal/monitoring/metrics.go:44.36,46.2 1 1
github.com/gomockserver/mockserver/internal/monitoring/metrics.go:49.31,51.2 1 1
github.com/gomockserver/mockserver/internal/monitoring/metrics.go:54.33,56.2 1 1
github.com/gomockserver/mockserver/internal/monitoring/metrics.go:59.35,61.2 1 1
github.com/gomockserver/mockserver/internal/monitoring/metrics.go:64.33,66.2 1 1
github.com/gomockserver/mockserver/internal/monitoring/metrics.go:69.35,71.2 1 1
github.com/gomockserver/mockserver/internal/monitoring/metrics.go:74.21,83.2 8 2
github.com/gomockserver/mockserver/internal/executor/mock_executor.go:39.38,45.2 1 33
github.com/gomockserver/mockserver/internal/executor/mock_executor.go:48.104,50.32 1 35
github.com/gomockserver/mockserver/internal/executor/mock_executor.go:50.32,52.16 2 1
github.com/gomockserver/mockserver/internal/executor/mock_executor.go:52.16,54.4 1 1
github.com/gomockserver/mockserver/internal/executor/mock_executor.go:58.2,58.28 1 35
github.com/gomockserver/mockserver/internal/executor/mock_executor.go:59.33,60.41 1 34
github.com/gomockserver/mockserver/internal/executor/mock_executor.go:61.34,62.47 1 0
github.com/gomockserver/mockserver/internal/executor/mock_executor.go:63.33,65.64 1 1
github.com/gomockserver/mockserver/internal/executor/mock_executor.go:66.32,67.40 1 0
github.com/gomockserver/mockserver/internal/executor/mock_executor.go:68.10,69.78 1 0
github.com/gomockserver/mockserver/internal/executor/mock_executor.go:74.111,75.42 1 34
github.com/gomockserver/mockserver/internal/executor/mock_executor.go:75.42,77.3 1 3
github.com/gomockserver/mockserver/internal/executor/mock_executor.go:80.2,81.16 2 31
github.com/gomockserver/mockserver/internal/executor/mock_executor.go:81.16,84.3 2 0
github.com/gomockserver/mockserver/internal/executor/mock_executor.go:86.2,87.64 2 31
github.com/gomockserver/mockserver/internal/executor/mock_executor.go:87.64,90.3 2 0
github.com/gomockserver/mockserver/internal/executor/mock_executor.go:93.2,96.63 2 31
github.com/gomockserver/mockserver/internal/executor/mock_executor.go:96.63,97.56 1 16
github.com/gomockserver/mockserver/internal/executor/mock_executor.go:97.56,100.18 2 0
github.com/gomockserver/mockserver/internal/executor/mock_executor.go:100.18,103.5 2 0
github.com/gomockserver/mockserver/internal/executor/mock_executor.go:104.9,107.18 2 16
github.com/gomockserver/mockserver/internal/executor/mock_executor.go:107.18,109.5 1 0
github.com/gomockserver/mockserver/internal/executor/mock_executor.go:111.8,113.31 1 15
github.com/gomockserver/mockserver/internal/executor/mock_executor.go:114.31,116.18 2 0
github.com/gomockserver/mockserver/internal/executor/mock_executor.go:116.18,118.5 1 0
github.com/gomockserver/mockserver/internal/executor/mock_executor.go:119.78,120.45 1 12
github.com/gomockserver/mockserver/internal/executor/mock_executor.go:120.45,122.5 1 12
github.com/gomockserver/mockserver/internal/executor/mock_executor.go:122.10,124.19 2 0
github.com/gomockserver/mockserver/internal/executor/mock_executor.go:124.19,126.6 1 0
github.com/gomockserver/mockserver/internal/executor/mock_executor.go:128.33,130.45 1 2
github.com/gomockserver/mockserver/internal/executor/mock_executor.go:130.45,133.19 2 2
github.com/gomockserver/mockserver/internal/executor/mock_executor.go:133.19,137.6 2 1
github.com/gomockserver/mockserver/internal/executor/mock_executor.go:137.11,139.6 1 1
github.com/gomockserver/mockserver/internal/executor/mock_executor.go:140.10,143.19 2 0
github.com/gomockserver/mockserver/internal/executor/mock_executor.go:143.19,145.6 1 0
github.com/gomockserver/mockserver/internal/executor/mock_executor.go:147.11,149.18 2 1
github.com/gomockserver/mockserver/internal/executor/mock_executor.go:149.18,151.5 1 0
github.com/gomockserver/mockserver/internal/executor/mock_executor.go:156.2,156.29 1 31
github.com/gomockserver/mockserver/internal/executor/mock_executor.go:156.29,158.3 1 29
github.com/gomockserver/mockserver/internal/executor/mock_executor.go:159.2,159.52 1 31
github.com/gomockserver/mockserver/internal/executor/mock_executor.go:159.52,161.3 1 31
github.com/gomockserver/mockserver/internal/executor/mock_executor.go:164.2,171.22 2 31
github.com/gomockserver/mockserver/internal/executor/mock_executor.go:175.137,176.42 1 2
github.com/gomockserver/mockserver/internal/executor/mock_executor.go:176.42,178.3 1 0
github.com/gomockserver/mockserver/internal/executor/mock_executor.go:181.2,182.16 2 2
github.com/gomockserver/mockserver/internal/executor/mock_executor.go:182.16,185.3 2 0
github.com/gomockserver/mockserver/internal/executor/mock_executor.go:187.2,188.64 2 2
github.com/gomockserver/mockserver/internal/executor/mock_executor.go:188.64,191.3 2 0
github.com/gomockserver/mockserver/internal/executor/mock_executor.go:194.2,198.30 3 2
github.com/gomockserver/mockserver/internal/executor/mock_executor.go:199.30,202.17 2 1
github.com/gomockserver/mockserver/internal/executor/mock_executor.go:202.17,205.4 2 0
github.com/gomockserver/mockserver/internal/executor/mock_executor.go:206.3,207.17 2 1
github.com/gomockserver/mockserver/internal/executor/mock_executor.go:207.17,209.4 1 0
github.com/gomockserver/mockserver/internal/executor/mock_executor.go:210.77,213.44 2 1
github.com/gomockserver/mockserver/internal/executor/mock_executor.go:213.44,215.4 1 1
github.com/gomockserver/mockserver/internal/executor/mock_executor.go:215.9,218.18 2 0
github.com/gomockserver/mockserver/internal/executor/mock_executor.go:218.18,220.5 1 0
github.com/gomockserver/mockserver/internal/executor/mock_executor.go:221.4,221.35 1 0
github.com/gomockserver/mockserver/internal/executor/mock_executor.go:224.3,225.17 2 1
github.com/gomockserver/mockserver/internal/executor/mock_executor.go:225.17,228.4 2 0
github.com/gomockserver/mockserver/internal/executor/mock_executor.go:229.3,229.26 1 1
github.com/gomockserver/mockserver/internal/executor/mock_executor.go:230.10,233.17 2 0
github.com/gomockserver/mockserver/internal/executor/mock_executor.go:233.17,236.4 2 0
github.com/gomockserver/mockserver/internal/executor/mock_executor.go:237.3,238.17 2 0
github.com/gomockserver/mockserver/internal/executor/mock_executor.go:238.17,240.4 1 0
github.com/gomockserver/mockserver/internal/executor/mock_executor.go:244.2,244.29 1 2
github.com/gomockserver/mockserver/internal/executor/mock_executor.go:244.29,246.3 1 2
github.com/gomockserver/mockserver/internal/executor/mock_executor.go:247.2,247.52 1 2
github.com/gomockserver/mockserver/internal/executor/mock_executor.go:247.52,249.3 1 2
github.com/gomockserver/mockserver/internal/executor/mock_executor.go:252.2,259.22 2 2
github.com/gomockserver/mockserver/internal/executor/mock_executor.go:263.110,266.16 2 2
github.com/gomockserver/mockserver/internal/executor/mock_executor.go:266.16,269.3 2 0
github.com/gomockserver/mockserver/internal/executor/mock_executor.go:271.2,272.67 2 2
github.com/gomockserver/mockserver/internal/executor/mock_executor.go:272.67,275.3 2 1
github.com/gomockserver/mockserver/internal/executor/mock_executor.go:278.2,278.55 1 1
github.com/gomockserver/mockserver/internal/executor/mock_executor.go:282.71,283.19 1 162
github.com/gomockserver/mockserver/internal/executor/mock_executor.go:283.19,285.3 1 1
github.com/gomockserver/mockserver/internal/executor/mock_executor.go:287.2,287.21 1 161
github.com/gomockserver/mockserver/internal/executor/mock_executor.go:288.15,289.22 1 2
github.com/gomockserver/mockserver/internal/executor/mock_executor.go:290.16,291.31 1 54
github.com/gomockserver/mockserver/internal/executor/mock_executor.go:291.31,293.4 1 2
github.com/gomockserver/mockserver/internal/executor/mock_executor.go:294.3,294.55 1 52
github.com/gomockserver/mockserver/internal/executor/mock_executor.go:295.16,297.25 1 103
github.com/gomockserver/mockserver/internal/executor/mock_executor.go:297.25,300.4 1 3
github.com/gomockserver/mockserver/internal/executor/mock_executor.go:303.3,307.17 3 100
github.com/gomockserver/mockserver/internal/executor/mock_executor.go:307.17,309.4 1 0
github.com/gomockserver/mockserver/internal/executor/mock_executor.go:311.3,311.16 1 100
github.com/gomockserver/mockserver/internal/executor/mock_executor.go:312.14,314.42 1 0
github.com/gomockserver/mockserver/internal/executor/mock_executor.go:315.10,316.11 1 2
github.com/gomockserver/mockserver/internal/executor/mock_executor.go:321.90,324.18 2 16
github.com/gomockserver/mockserver/internal/executor/mock_executor.go:324.18,326.3 1 16
github.com/gomockserver/mockserver/internal/executor/mock_executor.go:329.2,339.15 8 16
github.com/gomockserver/mockserver/internal/executor/mock_executor.go:339.15,342.3 1 1
github.com/gomockserver/mockserver/internal/executor/mock_executor.go:345.2,348.32 2 15
github.com/gomockserver/mockserver/internal/executor/mock_executor.go:348.32,350.3 1 3
github.com/gomockserver/mockserver/internal/executor/mock_executor.go:352.2,352.14 1 15
github.com/gomockserver/mockserver/internal/executor/mock_executor.go:356.56,360.18 3 3
github.com/gomockserver/mockserver/internal/executor/mock_executor.go:360.18,363.3 1 1
github.com/gomockserver/mockserver/internal/executor/mock_executor.go:363.8,366.3 1 2
github.com/gomockserver/mockserver/internal/executor/mock_executor.go:368.2,368.72 1 3
github.com/gomockserver/mockserver/internal/executor/mock_executor.go:372.60,377.18 4 6
github.com/gomockserver/mockserver/internal/executor/mock_executor.go:377.18,379.3 1 6
github.com/gomockserver/mockserver/internal/executor/mock_executor.go:381.2,381.35 1 6
github.com/gomockserver/mockserver/internal/executor/mock_executor.go:385.73,390.20 3 1100
github.com/gomockserver/mockserver/internal/executor/mock_executor.go:390.20,393.3 2 550
github.com/gomockserver/mockserver/internal/executor/mock_executor.go:396.2,396.6 1 550
github.com/gomockserver/mockserver/internal/executor/mock_executor.go:396.6,405.25 4 701
github.com/gomockserver/mockserver/internal/executor/mock_executor.go:405.25,416.4 5 550
github.com/gomockserver/mockserver/internal/executor/mock_executor.go:421.85,422.21 1 39
github.com/gomockserver/mockserver/internal/executor/mock_executor.go:423.30,424.28 1 15
github.com/gomockserver/mockserver/internal/executor/mock_executor.go:425.29,426.27 1 4
github.com/gomockserver/mockserver/internal/executor/mock_executor.go:427.30,428.21 1 3
github.com/gomockserver/mockserver/internal/executor/mock_executor.go:429.30,430.22 1 10
github.com/gomockserver/mockserver/internal/executor/mock_executor.go:431.32,432.36 1 4
github.com/gomockserver/mockserver/internal/executor/mock_executor.go:433.10,434.28 1 3
github.com/gomockserver/mockserver/internal/executor/mock_executor.go:439.63,447.2 1 1
github.com/gomockserver/mockserver/internal/executor/mock_executor.go:450.74,453.16 2 2
github.com/gomockserver/mockserver/internal/executor/mock_executor.go:453.16,455.3 1 1
github.com/gomockserver/mockserver/internal/executor/mock_executor.go:456.2,460.16 3 1
github.com/gomockserver/mockserver/internal/executor/mock_executor.go:460.16,462.3 1 0
github.com/gomockserver/mockserver/internal/executor/mock_executor.go:464.2,468.18 2 1
github.com/gomockserver/mockserver/internal/executor/proxy_executor.go:51.40,57.2 1 45
github.com/gomockserver/mockserver/internal/executor/proxy_executor.go:60.107,62.26 1 11
github.com/gomockserver/mockserver/internal/executor/proxy_executor.go:62.26,63.42 1 2
github.com/gomockserver/mockserver/internal/executor/proxy_executor.go:63.42,65.23 2 2
github.com/gomockserver/mockserver/internal/executor/proxy_executor.go:65.23,67.5 1 1
github.com/gomockserver/mockserver/internal/executor/proxy_executor.go:68.4,78.10 2 2
github.com/gomockserver/mockserver/internal/executor/proxy_executor.go:83.2,83.28 1 9
github.com/gomockserver/mockserver/internal/executor/proxy_executor.go:83.28,85.3 1 1
github.com/gomockserver/mockserver/internal/executor/proxy_executor.go:88.2,89.24 2 9
github.com/gomockserver/mockserver/internal/executor/proxy_executor.go:89.24,91.3 1 9
github.com/gomockserver/mockserver/internal/executor/proxy_executor.go:94.2,95.29 2 9
github.com/gomockserver/mockserver/internal/executor/proxy_executor.go:95.29,96.55 1 9
github.com/gomockserver/mockserver/internal/executor/proxy_executor.go:96.55,98.4 1 9
github.com/gomockserver/mockserver/internal/executor/proxy_executor.go:102.2,103.27 2 9
github.com/gomockserver/mockserver/internal/executor/proxy_executor.go:103.27,105.70 1 2
github.com/gomockserver/mockserver/internal/executor/proxy_executor.go:105.70,107.18 2 1
github.com/gomockserver/mockserver/internal/executor/proxy_executor.go:107.18,110.5 2 0
github.com/gomockserver/mockserver/internal/executor/proxy_executor.go:111.4,111.43 1 1
github.com/gomockserver/mockserver/internal/executor/proxy_executor.go:112.9,114.4 1 1
github.com/gomockserver/mockserver/internal/executor/proxy_executor.go:117.2,118.16 2 9
github.com/gomockserver/mockserver/internal/executor/proxy_executor.go:118.16,121.3 2 0
github.com/gomockserver/mockserver/internal/executor/proxy_executor.go:124.2,124.42 1 9
github.com/gomockserver/mockserver/internal/executor/proxy_executor.go:124.42,126.3 1 2
github.com/gomockserver/mockserver/internal/executor/proxy_executor.go:129.2,129.33 1 9
github.com/gomockserver/mockserver/internal/executor/proxy_executor.go:129.33,131.3 1 2
github.com/gomockserver/mockserver/internal/executor/proxy_executor.go:134.2,134.24 1 9
github.com/gomockserver/mockserver/internal/executor/proxy_executor.go:134.24,136.3 1 2
github.com/gomockserver/mockserver/internal/executor/proxy_executor.go:139.2,139.28 1 9
github.com/gomockserver/mockserver/internal/executor/proxy_executor.go:139.28,140.79 1 9
github.com/gomockserver/mockserver/internal/executor/proxy_executor.go:140.79,142.4 1 1
github.com/gomockserver/mockserver/internal/executor/proxy_executor.go:146.2,151.16 3 9
github.com/gomockserver/mockserver/internal/executor/proxy_executor.go:151.16,154.3 2 1
github.com/gomockserver/mockserver/internal/executor/proxy_executor.go:155.2,159.16 3 8
github.com/gomockserver/mockserver/internal/executor/proxy_executor.go:159.16,162.3 2 0
github.com/gomockserver/mockserver/internal/executor/proxy_executor.go:165.2,173.39 2 8
github.com/gomockserver/mockserver/internal/executor/proxy_executor.go:173.39,174.22 1 27
github.com/gomockserver/mockserver/internal/executor/proxy_executor.go:174.22,176.4 1 27
github.com/gomockserver/mockserver/internal/executor/proxy_executor.go:180.2,180.34 1 8
github.com/gomockserver/mockserver/internal/executor/proxy_executor.go:180.34,182.17 2 1
github.com/gomockserver/mockserver/internal/executor/proxy_executor.go:182.17,185.4 2 0
github.com/gomockserver/mockserver/internal/executor/proxy_executor.go:188.2,188.22 1 8
github.com/gomockserver/mockserver/internal/executor/proxy_executor.go:192.118,195.63 2 3
github.com/gomockserver/mockserver/internal/executor/proxy_executor.go:195.63,198.3 1 1
github.com/gomockserver/mockserver/internal/executor/proxy_executor.go:201.2,201.40 1 2
github.com/gomockserver/mockserver/internal/executor/proxy_executor.go:201.40,203.3 1 3
github.com/gomockserver/mockserver/internal/executor/proxy_executor.go:206.2,206.30 1 2
github.com/gomockserver/mockserver/internal/executor/proxy_executor.go:210.92,212.29 1 3
github.com/gomockserver/mockserver/internal/executor/proxy_executor.go:212.29,213.44 1 2
github.com/gomockserver/mockserver/internal/executor/proxy_executor.go:213.44,215.4 1 2
github.com/gomockserver/mockserver/internal/executor/proxy_executor.go:219.2,219.35 1 3
github.com/gomockserver/mockserver/internal/executor/proxy_executor.go:219.35,220.46 1 2
github.com/gomockserver/mockserver/internal/executor/proxy_executor.go:220.46,222.4 1 2
github.com/gomockserver/mockserver/internal/executor/proxy_executor.go:226.2,226.27 1 3
github.com/gomockserver/mockserver/internal/executor/proxy_executor.go:226.27,228.42 2 2
github.com/gomockserver/mockserver/internal/executor/proxy_executor.go:228.42,230.4 1 2
github.com/gomockserver/mockserver/internal/executor/proxy_executor.go:231.3,231.32 1 2
github.com/gomockserver/mockserver/internal/executor/proxy_executor.go:236.105,238.29 1 3
github.com/gomockserver/mockserver/internal/executor/proxy_executor.go:238.29,240.3 1 2
github.com/gomockserver/mockserver/internal/executor/proxy_executor.go:243.2,243.29 1 3
github.com/gomockserver/mockserver/internal/executor/proxy_executor.go:243.29,244.44 1 2
github.com/gomockserver/mockserver/internal/executor/proxy_executor.go:244.44,246.4 1 2
github.com/gomockserver/mockserver/internal/executor/proxy_executor.go:250.2,250.35 1 3
github.com/gomockserver/mockserver/internal/executor/proxy_executor.go:250.35,251.46 1 2
github.com/gomockserver/mockserver/internal/executor/proxy_executor.go:251.46,253.4 1 2
github.com/gomockserver/mockserver/internal/executor/proxy_executor.go:257.2,257.66 1 3
github.com/gomockserver/mockserver/internal/executor/proxy_executor.go:257.66,259.61 2 3
github.com/gomockserver/mockserver/internal/executor/proxy_executor.go:259.61,261.49 1 2
github.com/gomockserver/mockserver/internal/executor/proxy_executor.go:261.49,263.5 1 2
github.com/gomockserver/mockserver/internal/executor/proxy_executor.go:265.4,266.18 2 2
github.com/gomockserver/mockserver/internal/executor/proxy_executor.go:266.18,268.5 1 0
github.com/gomockserver/mockserver/internal/executor/proxy_executor.go:269.4,269.28 1 2
github.com/gomockserver/mockserver/internal/executor/proxy_executor.go:273.2,273.12 1 3
github.com/gomockserver/mockserver/internal/executor/proxy_executor.go:277.48,278.20 1 1006
github.com/gomockserver/mockserver/internal/executor/proxy_executor.go:278.20,280.3 1 2
github.com/gomockserver/mockserver/internal/executor/proxy_executor.go:281.2,281.22 1 1004
github.com/gomockserver/mockserver/internal/executor/proxy_executor.go:281.22,283.3 1 4
github.com/gomockserver/mockserver/internal/executor/proxy_executor.go:284.2,284.35 1 1000
github.com/gomockserver/mockserver/internal/executor/template_engine.go:23.42,27.2 3 37
github.com/gomockserver/mockserver/internal/executor/template_engine.go:30.58,33.29 1 37
github.com/gomockserver/mockserver/internal/executor/template_engine.go:33.29,35.4 1 4
github.com/gomockserver/mockserver/internal/executor/template_engine.go:36.34,38.4 1 1
github.com/gomockserver/mockserver/internal/executor/template_engine.go:39.37,40.20 1 3
github.com/gomockserver/mockserver/internal/executor/template_engine.go:40.20,42.5 1 0
github.com/gomockserver/mockserver/internal/executor/template_engine.go:43.4,43.36 1 3
github.com/gomockserver/mockserver/internal/executor/template_engine.go:45.38,46.20 1 1
github.com/gomockserver/mockserver/internal/executor/template_engine.go:46.20,48.5 1 1
github.com/gomockserver/mockserver/internal/executor/template_engine.go:49.4,49.36 1 1
github.com/gomockserver/mockserver/internal/executor/template_engine.go:51.38,52.20 1 1
github.com/gomockserver/mockserver/internal/executor/template_engine.go:52.20,54.5 1 1
github.com/gomockserver/mockserver/internal/executor/template_engine.go:55.4,55.36 1 1
github.com/gomockserver/mockserver/internal/executor/template_engine.go:59.25,61.4 1 4
github.com/gomockserver/mockserver/internal/executor/template_engine.go:62.30,65.4 2 1
github.com/gomockserver/mockserver/internal/executor/template_engine.go:66.36,67.18 1 3
github.com/gomockserver/mockserver/internal/executor/template_engine.go:67.18,69.5 1 1
github.com/gomockserver/mockserver/internal/executor/template_engine.go:70.4,70.35 1 2
github.com/gomockserver/mockserver/internal/executor/template_engine.go:72.43,75.26 3 2
github.com/gomockserver/mockserver/internal/executor/template_engine.go:75.26,77.5 1 18
github.com/gomockserver/mockserver/internal/executor/template_engine.go:78.4,78.25 1 2
github.com/gomockserver/mockserver/internal/executor/template_engine.go:80.27,82.4 1 1
github.com/gomockserver/mockserver/internal/executor/template_engine.go:83.33,85.4 1 1
github.com/gomockserver/mockserver/internal/executor/template_engine.go:88.35,90.4 1 1
github.com/gomockserver/mockserver/internal/executor/template_engine.go:91.50,93.18 2 1
github.com/gomockserver/mockserver/internal/executor/template_engine.go:93.18,95.5 1 0
github.com/gomockserver/mockserver/internal/executor/template_engine.go:96.4,96.31 1 1
github.com/gomockserver/mockserver/internal/executor/template_engine.go:100.41,102.27 2 1
github.com/gomockserver/mockserver/internal/executor/template_engine.go:102.27,104.5 1 3
github.com/gomockserver/mockserver/internal/executor/template_engine.go:105.4,105.17 1 1
github.com/gomockserver/mockserver/internal/executor/template_engine.go:107.34,109.4 1 1
github.com/gomockserver/mockserver/internal/executor/template_engine.go:112.49,114.18 2 1
github.com/gomockserver/mockserver/internal/executor/template_engine.go:114.18,116.5 1 0
github.com/gomockserver/mockserver/internal/executor/template_engine.go:117.4,117.29 1 1
github.com/gomockserver/mockserver/internal/executor/template_engine.go:119.55,121.18 2 1
github.com/gomockserver/mockserver/internal/executor/template_engine.go:121.18,123.5 1 0
github.com/gomockserver/mockserver/internal/executor/template_engine.go:124.4,124.29 1 1
github.com/gomockserver/mockserver/internal/executor/template_engine.go:159.126,163.29 3 3
github.com/gomockserver/mockserver/internal/executor/template_engine.go:163.29,164.55 1 3
github.com/gomockserver/mockserver/internal/executor/template_engine.go:164.55,166.4 1 3
github.com/gomockserver/mockserver/internal/executor/template_engine.go:167.3,167.65 1 3
github.com/gomockserver/mockserver/internal/executor/template_engine.go:167.65,169.4 1 1
github.com/gomockserver/mockserver/internal/executor/template_engine.go:172.2,191.27 2 3
github.com/gomockserver/mockserver/internal/executor/template_engine.go:191.27,193.61 2 2
github.com/gomockserver/mockserver/internal/executor/template_engine.go:193.61,195.4 1 2
github.com/gomockserver/mockserver/internal/executor/template_engine.go:195.9,197.4 1 0
github.com/gomockserver/mockserver/internal/executor/template_engine.go:201.2,201.40 1 3
github.com/gomockserver/mockserver/internal/executor/template_engine.go:201.40,203.3 1 1
github.com/gomockserver/mockserver/internal/executor/template_engine.go:205.2,205.12 1 3
github.com/gomockserver/mockserver/internal/executor/template_engine.go:209.95,212.16 2 36
github.com/gomockserver/mockserver/internal/executor/template_engine.go:212.16,214.3 1 0
github.com/gomockserver/mockserver/internal/executor/template_engine.go:217.2,218.52 2 36
github.com/gomockserver/mockserver/internal/executor/template_engine.go:218.52,220.3 1 0
github.com/gomockserver/mockserver/internal/executor/template_engine.go:222.2,222.26 1 36
github.com/gomockserver/mockserver/internal/executor/template_engine.go:226.109,228.2 1 3
github.com/gomockserver/mockserver/internal/executor/template_engine.go:231.110,232.25 1 14
github.com/gomockserver/mockserver/internal/executor/template_engine.go:233.14,235.77 1 10
github.com/gomockserver/mockserver/internal/executor/template_engine.go:235.77,237.18 2 9
github.com/gomockserver/mockserver/internal/executor/template_engine.go:237.18,239.5 1 0
github.com/gomockserver/mockserver/internal/executor/template_engine.go:240.4,240.24 1 9
github.com/gomockserver/mockserver/internal/executor/template_engine.go:242.3,242.16 1 1
github.com/gomockserver/mockserver/internal/executor/template_engine.go:244.30,247.27 2 4
github.com/gomockserver/mockserver/internal/executor/template_engine.go:247.27,249.18 2 11
github.com/gomockserver/mockserver/internal/executor/template_engine.go:249.18,251.5 1 0
github.com/gomockserver/mockserver/internal/executor/template_engine.go:252.4,252.26 1 11
github.com/gomockserver/mockserver/internal/executor/template_engine.go:254.3,254.21 1 4
github.com/gomockserver/mockserver/internal/executor/template_engine.go:256.21,259.25 2 0
github.com/gomockserver/mockserver/internal/executor/template_engine.go:259.25,261.18 2 0
github.com/gomockserver/mockserver/internal/executor/template_engine.go:261.18,263.5 1 0
github.com/gomockserver/mockserver/internal/executor/template_engine.go:264.4,264.24 1 0
github.com/gomockserver/mockserver/internal/executor/template_engine.go:266.3,266.21 1 0
github.com/gomockserver/mockserver/internal/executor/template_engine.go:268.10,270.16 1 0
github.com/gomockserver/mockserver/internal/executor/template_engine.go:275.38,276.43 1 2
github.com/gomockserver/mockserver/internal/executor/template_engine.go:276.43,277.35 1 14
github.com/gomockserver/mockserver/internal/executor/template_engine.go:277.35,279.4 1 1
github.com/gomockserver/mockserver/internal/executor/template_engine.go:281.2,281.14 1 1
github.com/gomockserver/mockserver/internal/repository/database.go:20.37,33.16 6 0
github.com/gomockserver/mockserver/internal/repository/database.go:33.16,35.3 1 0
github.com/gomockserver/mockserver/internal/repository/database.go:38.2,38.45 1 0
github.com/gomockserver/mockserver/internal/repository/database.go:38.45,40.3 1 0
[...]
github.com/gomockserver/mockserver/internal/service/health.go:97.2,98.25 2 4
github.com/gomockserver/mockserver/internal/service/health.go:99.23,100.19 1 0
github.com/gomockserver/mockserver/internal/service/health.go:101.22,102.19 1 0
github.com/gomockserver/mockserver/internal/service/health.go:105.2,105.30 1 4
github.com/gomockserver/mockserver/internal/service/health.go:109.76,110.26 1 2
github.com/gomockserver/mockserver/internal/service/health.go:110.26,115.3 1 1
github.com/gomockserver/mockserver/internal/service/health.go:118.2,122.16 4 1
github.com/gomockserver/mockserver/internal/service/health.go:122.16,131.3 2 0
github.com/gomockserver/mockserver/internal/service/health.go:133.2,136.3 1 1
github.com/gomockserver/mockserver/internal/service/health.go:140.43,146.14 5 9
github.com/gomockserver/mockserver/internal/service/health.go:146.14,148.3 1 2
github.com/gomockserver/mockserver/internal/service/health.go:149.2,149.15 1 7
github.com/gomockserver/mockserver/internal/service/health.go:149.15,151.3 1 1
github.com/gomockserver/mockserver/internal/service/health.go:152.2,152.17 1 6
github.com/gomockserver/mockserver/internal/service/health.go:152.17,154.3 1 1
github.com/gomockserver/mockserver/internal/service/health.go:155.2,155.37 1 5
github.com/gomockserver/mockserver/internal/service/health.go:158.62,160.19 1 13
github.com/gomockserver/mockserver/internal/service/health.go:161.9,162.49 1 6
github.com/gomockserver/mockserver/internal/service/health.go:163.9,164.65 1 2
github.com/gomockserver/mockserver/internal/service/health.go:165.9,166.82 1 2
github.com/gomockserver/mockserver/internal/service/health.go:167.9,168.96 1 3
github.com/gomockserver/mockserver/internal/service/health.go:169.10,170.12 1 0
github.com/gomockserver/mockserver/internal/service/health.go:174.52,177.35 2 10
github.com/gomockserver/mockserver/internal/service/health.go:177.35,178.66 1 41
github.com/gomockserver/mockserver/internal/service/health.go:178.66,181.4 2 9
github.com/gomockserver/mockserver/internal/service/health.go:181.9,183.4 1 32
github.com/gomockserver/mockserver/internal/service/health.go:185.2,185.15 1 10
github.com/gomockserver/mockserver/internal/service/health.go:188.56,192.35 4 4
github.com/gomockserver/mockserver/internal/service/health.go:192.35,193.88 1 20
github.com/gomockserver/mockserver/internal/service/health.go:193.88,197.4 3 8
github.com/gomockserver/mockserver/internal/service/health.go:197.9,199.4 1 12
github.com/gomockserver/mockserver/internal/service/health.go:201.2,201.15 1 4
github.com/gomockserver/mockserver/internal/service/health.go:204.61,208.35 4 3
github.com/gomockserver/mockserver/internal/service/health.go:208.35,209.88 1 24
github.com/gomockserver/mockserver/internal/service/health.go:209.88,213.4 3 9
github.com/gomockserver/mockserver/internal/service/health.go:213.9,215.4 1 15
github.com/gomockserver/mockserver/internal/service/health.go:217.2,217.15 1 3
github.com/gomockserver/mockserver/internal/service/health.go:220.63,224.35 4 4
github.com/gomockserver/mockserver/internal/service/health.go:224.35,225.88 1 44
github.com/gomockserver/mockserver/internal/service/health.go:225.88,229.4 3 16
github.com/gomockserver/mockserver/internal/service/health.go:229.9,231.4 1 28
github.com/gomockserver/mockserver/internal/service/health.go:233.2,233.15 1 4
github.com/gomockserver/mockserver/internal/service/health.go:236.32,237.12 1 48
github.com/gomockserver/mockserver/internal/service/health.go:237.12,239.3 1 7
github.com/gomockserver/mockserver/internal/service/health.go:240.2,241.12 2 41
github.com/gomockserver/mockserver/internal/service/health.go:241.12,245.3 3 67
github.com/gomockserver/mockserver/internal/service/health.go:246.2,246.15 1 41
github.com/gomockserver/mockserver/internal/service/import_export_service.go:40.23,47.2 1 1
github.com/gomockserver/mockserver/internal/service/import_export_service.go:50.119,60.24 2 6
github.com/gomockserver/mockserver/internal/service/import_export_service.go:60.24,62.3 1 2
github.com/gomockserver/mockserver/internal/service/import_export_service.go:62.8,62.28 1 4
github.com/gomockserver/mockserver/internal/service/import_export_service.go:62.28,64.3 1 1
github.com/gomockserver/mockserver/internal/service/import_export_service.go:64.8,66.3 1 3
github.com/gomockserver/mockserver/internal/service/import_export_service.go:69.2,69.47 1 6
github.com/gomockserver/mockserver/internal/service/import_export_service.go:69.47,71.17 2 2
github.com/gomockserver/mockserver/internal/service/import_export_service.go:71.17,73.4 1 0
github.com/gomockserver/mockserver/internal/service/import_export_service.go:74.3,74.21 1 2
github.com/gomockserver/mockserver/internal/service/import_export_service.go:74.21,80.4 1 2
github.com/gomockserver/mockserver/internal/service/import_export_service.go:84.2,85.44 2 6
github.com/gomockserver/mockserver/internal/service/import_export_service.go:85.44,87.17 2 2
github.com/gomockserver/mockserver/internal/service/import_export_service.go:87.17,89.4 1 0
github.com/gomockserver/mockserver/internal/service/import_export_service.go:90.3,90.28 1 2
github.com/gomockserver/mockserver/internal/service/import_export_service.go:90.28,97.4 2 2
github.com/gomockserver/mockserver/internal/service/import_export_service.go:101.2,104.26 3 6
github.com/gomockserver/mockserver/internal/service/import_export_service.go:104.26,106.38 1 2
github.com/gomockserver/mockserver/internal/service/import_export_service.go:106.38,108.18 2 3
github.com/gomockserver/mockserver/internal/service/import_export_service.go:108.18,110.13 2 0
github.com/gomockserver/mockserver/internal/service/import_export_service.go:112.4,112.19 1 3
github.com/gomockserver/mockserver/internal/service/import_export_service.go:112.19,114.5 1 3
github.com/gomockserver/mockserver/internal/service/import_export_service.go:116.8,116.59 1 4
github.com/gomockserver/mockserver/internal/service/import_export_service.go:116.59,119.17 2 1
github.com/gomockserver/mockserver/internal/service/import_export_service.go:119.17,121.4 1 0
github.com/gomockserver/mockserver/internal/service/import_export_service.go:122.8,122.32 1 3
github.com/gomockserver/mockserver/internal/service/import_export_service.go:122.32,126.17 3 3
github.com/gomockserver/mockserver/internal/service/import_export_service.go:126.17,128.4 1 0
github.com/gomockserver/mockserver/internal/service/import_export_service.go:132.2,132.29 1 6
github.com/gomockserver/mockserver/internal/service/import_export_service.go:132.29,146.52 2 8
github.com/gomockserver/mockserver/internal/service/import_export_service.go:146.52,148.4 1 1
github.com/gomockserver/mockserver/internal/service/import_export_service.go:150.3,150.66 1 8
github.com/gomockserver/mockserver/internal/service/import_export_service.go:154.2,154.25 1 6
github.com/gomockserver/mockserver/internal/service/import_export_service.go:154.25,158.3 1 2
github.com/gomockserver/mockserver/internal/service/import_export_service.go:160.2,160.24 1 6
github.com/gomockserver/mockserver/internal/service/import_export_service.go:164.134,172.2 2 1
github.com/gomockserver/mockserver/internal/service/import_export_service.go:175.102,177.27 1 11
github.com/gomockserver/mockserver/internal/service/import_export_service.go:177.27,179.3 1 1
github.com/gomockserver/mockserver/internal/service/import_export_service.go:182.2,187.34 2 10
github.com/gomockserver/mockserver/internal/service/import_export_service.go:187.34,189.3 1 1
github.com/gomockserver/mockserver/internal/service/import_export_service.go:192.2,192.31 1 9
github.com/gomockserver/mockserver/internal/service/import_export_service.go:192.31,194.3 1 2
github.com/gomockserver/mockserver/internal/service/import_export_service.go:197.2,197.39 1 7
github.com/gomockserver/mockserver/internal/service/import_export_service.go:197.39,198.22 1 7
github.com/gomockserver/mockserver/internal/service/import_export_service.go:198.22,200.4 1 1
github.com/gomockserver/mockserver/internal/service/import_export_service.go:201.3,201.26 1 6
github.com/gomockserver/mockserver/internal/service/import_export_service.go:201.26,203.4 1 1
github.com/gomockserver/mockserver/internal/service/import_export_service.go:204.3,204.27 1 5
github.com/gomockserver/mockserver/internal/service/import_export_service.go:204.27,206.4 1 0
github.com/gomockserver/mockserver/internal/service/import_export_service.go:207.3,207.33 1 5
github.com/gomockserver/mockserver/internal/service/import_export_service.go:207.33,209.4 1 0
github.com/gomockserver/mockserver/internal/service/import_export_service.go:212.2,212.12 1 5
github.com/gomockserver/mockserver/internal/service/import_export_service.go:216.120,224.61 2 5
github.com/gomockserver/mockserver/internal/service/import_export_service.go:224.61,226.3 1 1
github.com/gomockserver/mockserver/internal/service/import_export_service.go:229.2,230.55 2 4
github.com/gomockserver/mockserver/internal/service/import_export_service.go:230.55,237.60 2 1
github.com/gomockserver/mockserver/internal/service/import_export_service.go:237.60,239.4 1 0
github.com/gomockserver/mockserver/internal/service/import_export_service.go:240.3,242.106 3 1
github.com/gomockserver/mockserver/internal/service/import_export_service.go:243.8,243.60 1 3
github.com/gomockserver/mockserver/internal/service/import_export_service.go:243.60,245.3 1 1
github.com/gomockserver/mockserver/internal/service/import_export_service.go:248.2,249.59 2 3
github.com/gomockserver/mockserver/internal/service/import_export_service.go:249.59,250.54 1 1
github.com/gomockserver/mockserver/internal/service/import_export_service.go:250.54,257.53 2 1
github.com/gomockserver/mockserver/internal/service/import_export_service.go:257.53,259.13 2 0
github.com/gomockserver/mockserver/internal/service/import_export_service.go:261.4,263.100 3 1
github.com/gomockserver/mockserver/internal/service/import_export_service.go:265.8,265.34 1 2
github.com/gomockserver/mockserver/internal/service/import_export_service.go:265.34,268.31 2 2
github.com/gomockserver/mockserver/internal/service/import_export_service.go:268.31,270.4 1 0
github.com/gomockserver/mockserver/internal/service/import_export_service.go:271.3,271.43 1 2
github.com/gomockserver/mockserver/internal/service/import_export_service.go:275.2,275.47 1 3
github.com/gomockserver/mockserver/internal/service/import_export_service.go:275.47,278.24 2 3
github.com/gomockserver/mockserver/internal/service/import_export_service.go:278.24,280.38 1 1
github.com/gomockserver/mockserver/internal/service/import_export_service.go:280.38,281.63 1 1
github.com/gomockserver/mockserver/internal/service/import_export_service.go:281.63,283.6 1 1
github.com/gomockserver/mockserver/internal/service/import_export_service.go:285.4,285.49 1 1
github.com/gomockserver/mockserver/internal/service/import_export_service.go:285.49,287.39 1 0
github.com/gomockserver/mockserver/internal/service/import_export_service.go:287.39,289.11 2 0
github.com/gomockserver/mockserver/internal/service/import_export_service.go:294.3,294.24 1 3
github.com/gomockserver/mockserver/internal/service/import_export_service.go:294.24,300.12 3 0
github.com/gomockserver/mockserver/internal/service/import_export_service.go:304.3,306.35 3 3
github.com/gomockserver/mockserver/internal/service/import_export_service.go:306.35,307.31 1 2
github.com/gomockserver/mockserver/internal/service/import_export_service.go:307.31,309.10 2 2
github.com/gomockserver/mockserver/internal/service/import_export_service.go:314.3,314.23 1 3
github.com/gomockserver/mockserver/internal/service/import_export_service.go:315.34,316.27 1 2
github.com/gomockserver/mockserver/internal/service/import_export_service.go:316.27,319.13 3 1
github.com/gomockserver/mockserver/internal/service/import_export_service.go:321.39,322.27 1 1
github.com/gomockserver/mockserver/internal/service/import_export_service.go:322.27,331.64 7 1
github.com/gomockserver/mockserver/internal/service/import_export_service.go:331.64,337.14 3 0
github.com/gomockserver/mockserver/internal/service/import_export_service.go:339.5,342.13 4 1
github.com/gomockserver/mockserver/internal/service/import_export_service.go:344.36,345.27 1 0
github.com/gomockserver/mockserver/internal/service/import_export_service.go:345.27,348.5 1 0
github.com/gomockserver/mockserver/internal/service/import_export_service.go:352.3,365.54 2 1
github.com/gomockserver/mockserver/internal/service/import_export_service.go:365.54,371.12 3 0
github.com/gomockserver/mockserver/internal/service/import_export_service.go:374.3,376.95 3 1
github.com/gomockserver/mockserver/internal/service/import_export_service.go:380.2,380.28 1 3
github.com/gomockserver/mockserver/internal/service/import_export_service.go:380.28,382.3 1 0
github.com/gomockserver/mockserver/internal/service/import_export_service.go:384.2,384.20 1 3
github.com/gomockserver/mockserver/internal/service/import_export_service.go:388.113,391.34 3 1
github.com/gomockserver/mockserver/internal/service/import_export_service.go:391.34,393.3 1 2
github.com/gomockserver/mockserver/internal/service/import_export_service.go:396.2,396.28 1 1
github.com/gomockserver/mockserver/internal/service/import_export_service.go:396.28,398.24 2 2
github.com/gomockserver/mockserver/internal/service/import_export_service.go:398.24,400.4 1 1
github.com/gomockserver/mockserver/internal/service/import_export_service.go:404.2,404.63 1 0
github.com/gomockserver/mockserver/internal/service/import_export_service.go:419.99,424.2 1 1
github.com/gomockserver/mockserver/internal/service/import_export_service.go:427.126,430.16 2 5
github.com/gomockserver/mockserver/internal/service/import_export_service.go:430.16,432.3 1 0
github.com/gomockserver/mockserver/internal/service/import_export_service.go:433.2,433.23 1 5
github.com/gomockserver/mockserver/internal/service/import_export_service.go:433.23,435.3 1 1
github.com/gomockserver/mockserver/internal/service/import_export_service.go:438.2,453.31 2 4
github.com/gomockserver/mockserver/internal/service/import_export_service.go:453.31,455.3 1 1
github.com/gomockserver/mockserver/internal/service/import_export_service.go:458.2,458.23 1 4
github.com/gomockserver/mockserver/internal/service/import_export_service.go:458.23,460.3 1 1
github.com/gomockserver/mockserver/internal/service/import_export_service.go:460.8,463.3 1 3
github.com/gomockserver/mockserver/internal/service/import_export_service.go:466.2,466.28 1 4
github.com/gomockserver/mockserver/internal/service/import_export_service.go:466.28,468.3 1 1
github.com/gomockserver/mockserver/internal/service/import_export_service.go:471.2,471.56 1 4
github.com/gomockserver/mockserver/internal/service/import_export_service.go:471.56,473.3 1 0
github.com/gomockserver/mockserver/internal/service/import_export_service.go:475.2,481.21 2 4
github.com/gomockserver/mockserver/internal/service/import_export_service.go:485.69,486.43 1 5
github.com/gomockserver/mockserver/internal/service/import_export_service.go:486.43,488.3 1 4
github.com/gomockserver/mockserver/internal/service/import_export_service.go:489.2,489.17 1 1
github.com/gomockserver/mockserver/internal/service/log_cleanup_service.go:21.103,22.24 1 13
github.com/gomockserver/mockserver/internal/service/log_cleanup_service.go:22.24,24.3 1 2
github.com/gomockserver/mockserver/internal/service/log_cleanup_service.go:26.2,31.3 1 13
github.com/gomockserver/mockserver/internal/service/log_cleanup_service.go:35.37,45.6 5 2
github.com/gomockserver/mockserver/internal/service/log_cleanup_service.go:45.6,46.10 1 2
github.com/gomockserver/mockserver/internal/service/log_cleanup_service.go:47.19,50.23 2 0
github.com/gomockserver/mockserver/internal/service/log_cleanup_service.go:50.23,52.5 1 0
github.com/gomockserver/mockserver/internal/service/log_cleanup_service.go:53.21,55.10 2 2
github.com/gomockserver/mockserver/internal/service/log_cleanup_service.go:61.36,63.2 1 3
github.com/gomockserver/mockserver/internal/service/log_cleanup_service.go:66.39,67.23 1 5
github.com/gomockserver/mockserver/internal/service/log_cleanup_service.go:67.23,69.3 1 2
github.com/gomockserver/mockserver/internal/service/log_cleanup_service.go:71.2,78.16 6 3
github.com/gomockserver/mockserver/internal/service/log_cleanup_service.go:78.16,81.3 2 1
github.com/gomockserver/mockserver/internal/service/log_cleanup_service.go:83.2,85.30 1 2
github.com/gomockserver/mockserver/internal/service/log_cleanup_service.go:89.54,91.2 1 6
github.com/gomockserver/mockserver/internal/service/log_cleanup_service.go:94.56,95.14 1 4
github.com/gomockserver/mockserver/internal/service/log_cleanup_service.go:95.14,98.3 2 2
github.com/gomockserver/mockserver/internal/service/log_cleanup_service.go:102.95,103.21 1 5
github.com/gomockserver/mockserver/internal/service/log_cleanup_service.go:103.21,105.3 1 2
github.com/gomockserver/mockserver/internal/service/log_cleanup_service.go:107.2,109.16 3 5
github.com/gomockserver/mockserver/internal/service/log_cleanup_service.go:109.16,112.3 2 1
github.com/gomockserver/mockserver/internal/service/log_cleanup_service.go:114.2,118.19 2 4
github.com/gomockserver/mockserver/internal/service/middleware.go:20.44,21.30 1 7
github.com/gomockserver/mockserver/internal/service/middleware.go:21.30,26.22 2 7
github.com/gomockserver/mockserver/internal/service/middleware.go:26.22,28.4 1 6
github.com/gomockserver/mockserver/internal/service/middleware.go:31.3,36.11 3 7
github.com/gomockserver/mockserver/internal/service/middleware.go:42.46,43.30 1 3
github.com/gomockserver/mockserver/internal/service/middleware.go:43.30,70.29 9 3
github.com/gomockserver/mockserver/internal/service/middleware.go:70.29,77.4 1 1
github.com/gomockserver/mockserver/internal/service/middleware.go:83.42,84.30 1 3
github.com/gomockserver/mockserver/internal/service/middleware.go:84.30,86.14 2 3
github.com/gomockserver/mockserver/internal/service/middleware.go:86.14,88.4 1 1
github.com/gomockserver/mockserver/internal/service/middleware.go:90.3,98.11 2 3
github.com/gomockserver/mockserver/internal/service/middleware.go:103.33,108.2 2 106
github.com/gomockserver/mockserver/internal/service/middleware.go:111.36,112.12 1 116
github.com/gomockserver/mockserver/internal/service/middleware.go:112.12,114.3 1 1
github.com/gomockserver/mockserver/internal/service/middleware.go:116.2,117.16 2 115
github.com/gomockserver/mockserver/internal/service/middleware.go:117.16,119.3 1 4
github.com/gomockserver/mockserver/internal/service/middleware.go:121.2,122.12 2 115
github.com/gomockserver/mockserver/internal/service/middleware.go:122.12,126.3 3 2056
github.com/gomockserver/mockserver/internal/service/middleware.go:128.2,128.16 1 115
github.com/gomockserver/mockserver/internal/service/middleware.go:128.16,130.3 1 4
github.com/gomockserver/mockserver/internal/service/middleware.go:132.2,132.15 1 115
github.com/gomockserver/mockserver/internal/service/mock_service.go:33.104,39.2 1 14
github.com/gomockserver/mockserver/internal/service/mock_service.go:42.57,48.44 3 13
github.com/gomockserver/mockserver/internal/service/mock_service.go:48.44,53.3 2 2
github.com/gomockserver/mockserver/internal/service/mock_service.go:56.2,57.16 2 11
github.com/gomockserver/mockserver/internal/service/mock_service.go:57.16,63.3 3 0
github.com/gomockserver/mockserver/internal/service/mock_service.go:66.2,68.16 3 11
github.com/gomockserver/mockserver/internal/service/mock_service.go:68.16,74.3 3 1
github.com/gomockserver/mockserver/internal/service/mock_service.go:76.2,79.17 2 10
github.com/gomockserver/mockserver/internal/service/mock_service.go:79.17,85.3 2 1
github.com/gomockserver/mockserver/internal/service/mock_service.go:85.8,88.17 2 9
github.com/gomockserver/mockserver/internal/service/mock_service.go:88.17,94.4 3 1
github.com/gomockserver/mockserver/internal/service/mock_service.go:98.2,98.42 1 9
github.com/gomockserver/mockserver/internal/service/mock_service.go:102.63,115.2 7 0
